<?xml version="1.0" encoding="UTF-8"?>
<testng-results skipped="0" failed="0" ignored="0" total="2" passed="2">
  <reporter-output>
  </reporter-output>
  <suite name="Default suite" duration-ms="4937" started-at="2017-09-27T11:49:47Z" finished-at="2017-09-27T11:49:52Z">
    <groups>
      <group name="P1">
        <method signature="ZzkgApiCases.addGoodsToCart(java.lang.String, java.lang.String)[pri:0, instance:apitestcases.ZzkgApiCases@55f3ddb1]" name="addGoodsToCart" class="apitestcases.ZzkgApiCases"/>
      </group> <!-- P1 -->
    </groups>
    <test name="Default test" duration-ms="4937" started-at="2017-09-27T11:49:47Z" finished-at="2017-09-27T11:49:52Z">
      <class name="apitestcases.ZzkgApiCases">
        <test-method status="PASS" signature="beforeClass()[pri:0, instance:apitestcases.ZzkgApiCases@55f3ddb1]" name="beforeClass" is-config="true" duration-ms="3311" started-at="2017-09-27T19:49:47Z" finished-at="2017-09-27T19:49:50Z">
          <reporter-output>
          </reporter-output>
        </test-method> <!-- beforeClass -->
        <test-method status="PASS" signature="beforeMethod()[pri:0, instance:apitestcases.ZzkgApiCases@55f3ddb1]" name="beforeMethod" is-config="true" duration-ms="280" started-at="2017-09-27T19:49:50Z" finished-at="2017-09-27T19:49:50Z">
          <reporter-output>
          </reporter-output>
        </test-method> <!-- beforeMethod -->
        <test-method status="PASS" signature="addGoodsToCart(java.lang.String, java.lang.String)[pri:0, instance:apitestcases.ZzkgApiCases@55f3ddb1]" name="addGoodsToCart" duration-ms="306" started-at="2017-09-27T19:49:50Z" data-provider="buyProcess" finished-at="2017-09-27T19:49:51Z">
          <params>
            <param index="0">
              <value>
                <![CDATA[{"dealId":991824,"odLabelId":"-1","limitFlag":false,"selected":false,"specId":924116,"dealCount":1}]]>
              </value>
            </param>
            <param index="1">
              <value>
                <![CDATA[允许购买]]>
              </value>
            </param>
          </params>
          <reporter-output>
          </reporter-output>
        </test-method> <!-- addGoodsToCart -->
        <test-method status="PASS" signature="afterMethod()[pri:0, instance:apitestcases.ZzkgApiCases@55f3ddb1]" name="afterMethod" is-config="true" duration-ms="215" started-at="2017-09-27T19:49:51Z" finished-at="2017-09-27T19:49:51Z">
          <reporter-output>
          </reporter-output>
        </test-method> <!-- afterMethod -->
        <test-method status="PASS" signature="beforeMethod()[pri:0, instance:apitestcases.ZzkgApiCases@55f3ddb1]" name="beforeMethod" is-config="true" duration-ms="189" started-at="2017-09-27T19:49:51Z" finished-at="2017-09-27T19:49:51Z">
          <reporter-output>
          </reporter-output>
        </test-method> <!-- beforeMethod -->
        <test-method status="PASS" signature="addGoodsToCart(java.lang.String, java.lang.String)[pri:0, instance:apitestcases.ZzkgApiCases@55f3ddb1]" name="addGoodsToCart" duration-ms="196" started-at="2017-09-27T19:49:51Z" data-provider="buyProcess" finished-at="2017-09-27T19:49:51Z">
          <params>
            <param index="0">
              <value>
                <![CDATA[{"dealId":991824,"odLabelId":"-1","limitFlag":false,"selected":false,"specId":924116,"dealCount":1000}]]>
              </value>
            </param>
            <param index="1">
              <value>
                <![CDATA[库存不足]]>
              </value>
            </param>
          </params>
          <reporter-output>
          </reporter-output>
        </test-method> <!-- addGoodsToCart -->
        <test-method status="PASS" signature="afterMethod()[pri:0, instance:apitestcases.ZzkgApiCases@55f3ddb1]" name="afterMethod" is-config="true" duration-ms="156" started-at="2017-09-27T19:49:51Z" finished-at="2017-09-27T19:49:51Z">
          <reporter-output>
          </reporter-output>
        </test-method> <!-- afterMethod -->
        <test-method status="PASS" signature="afterClass()[pri:0, instance:apitestcases.ZzkgApiCases@55f3ddb1]" name="afterClass" is-config="true" duration-ms="166" started-at="2017-09-27T19:49:51Z" finished-at="2017-09-27T19:49:52Z">
          <reporter-output>
          </reporter-output>
        </test-method> <!-- afterClass -->
      </class> <!-- apitestcases.ZzkgApiCases -->
    </test> <!-- Default test -->
  </suite> <!-- Default suite -->
</testng-results>
