<?xml version="1.0" encoding="UTF-8"?>
<testng-results skipped="0" failed="0" ignored="0" total="2" passed="2">
  <reporter-output>
  </reporter-output>
  <suite name="Default suite" duration-ms="2806" started-at="2017-09-25T15:38:02Z" finished-at="2017-09-25T15:38:05Z">
    <groups>
    </groups>
    <test name="Default test" duration-ms="2806" started-at="2017-09-25T15:38:02Z" finished-at="2017-09-25T15:38:05Z">
      <class name="apitestcases.ZzkgApiCases">
        <test-method status="PASS" signature="beforeClass()[pri:0, instance:apitestcases.ZzkgApiCases@c038203]" name="beforeClass" is-config="true" duration-ms="63" started-at="2017-09-25T23:38:02Z" finished-at="2017-09-25T23:38:02Z">
          <reporter-output>
          </reporter-output>
        </test-method> <!-- beforeClass -->
        <test-method status="PASS" signature="addGoodsToCart(java.lang.String, java.lang.String)[pri:0, instance:apitestcases.ZzkgApiCases@c038203]" name="addGoodsToCart" duration-ms="1822" started-at="2017-09-25T23:38:03Z" data-provider="buyProcess" finished-at="2017-09-25T23:38:05Z">
          <params>
            <param index="0">
              <value>
                <![CDATA[{"dealId":991824,"odLabelId":"-1","limitFlag":false,"selected":false,"specId":924116,"dealCount":1}]]>
              </value>
            </param>
            <param index="1">
              <value>
                <![CDATA[允许购买]]>
              </value>
            </param>
          </params>
          <reporter-output>
          </reporter-output>
        </test-method> <!-- addGoodsToCart -->
        <test-method status="PASS" signature="addGoodsToCart(java.lang.String, java.lang.String)[pri:0, instance:apitestcases.ZzkgApiCases@c038203]" name="addGoodsToCart" duration-ms="265" started-at="2017-09-25T23:38:05Z" data-provider="buyProcess" finished-at="2017-09-25T23:38:05Z">
          <params>
            <param index="0">
              <value>
                <![CDATA[{"dealId":991824,"odLabelId":"-1","limitFlag":false,"selected":false,"specId":924116,"dealCount":1000}]]>
              </value>
            </param>
            <param index="1">
              <value>
                <![CDATA[库存不足]]>
              </value>
            </param>
          </params>
          <reporter-output>
          </reporter-output>
        </test-method> <!-- addGoodsToCart -->
        <test-method status="PASS" signature="afterClass()[pri:0, instance:apitestcases.ZzkgApiCases@c038203]" name="afterClass" is-config="true" duration-ms="0" started-at="2017-09-25T23:38:05Z" finished-at="2017-09-25T23:38:05Z">
          <reporter-output>
          </reporter-output>
        </test-method> <!-- afterClass -->
      </class> <!-- apitestcases.ZzkgApiCases -->
    </test> <!-- Default test -->
  </suite> <!-- Default suite -->
</testng-results>
