<?xml version="1.0" encoding="UTF-8"?>
<testng-results skipped="0" failed="0" ignored="0" total="2" passed="2">
  <reporter-output>
  </reporter-output>
  <suite name="Default suite" duration-ms="3953" started-at="2017-09-26T14:41:40Z" finished-at="2017-09-26T14:41:44Z">
    <groups>
    </groups>
    <test name="Default test" duration-ms="3953" started-at="2017-09-26T14:41:40Z" finished-at="2017-09-26T14:41:44Z">
      <class name="apitestcases.ZzkgApiCases">
        <test-method status="PASS" signature="beforeClass()[pri:0, instance:apitestcases.ZzkgApiCases@55f3ddb1]" name="beforeClass" is-config="true" duration-ms="2360" started-at="2017-09-26T22:41:40Z" finished-at="2017-09-26T22:41:43Z">
          <reporter-output>
          </reporter-output>
        </test-method> <!-- beforeClass -->
        <test-method status="PASS" signature="beforeMethod()[pri:0, instance:apitestcases.ZzkgApiCases@55f3ddb1]" name="beforeMethod" is-config="true" duration-ms="227" started-at="2017-09-26T22:41:43Z" finished-at="2017-09-26T22:41:43Z">
          <reporter-output>
          </reporter-output>
        </test-method> <!-- beforeMethod -->
        <test-method status="PASS" signature="addGoodsToCart(java.lang.String, java.lang.String)[pri:0, instance:apitestcases.ZzkgApiCases@55f3ddb1]" name="addGoodsToCart" duration-ms="304" started-at="2017-09-26T22:41:43Z" data-provider="buyProcess" finished-at="2017-09-26T22:41:43Z">
          <params>
            <param index="0">
              <value>
                <![CDATA[{"dealId":991824,"odLabelId":"-1","limitFlag":false,"selected":false,"specId":924116,"dealCount":1}]]>
              </value>
            </param>
            <param index="1">
              <value>
                <![CDATA[允许购买]]>
              </value>
            </param>
          </params>
          <reporter-output>
          </reporter-output>
        </test-method> <!-- addGoodsToCart -->
        <test-method status="PASS" signature="afterMethod()[pri:0, instance:apitestcases.ZzkgApiCases@55f3ddb1]" name="afterMethod" is-config="true" duration-ms="219" started-at="2017-09-26T22:41:43Z" finished-at="2017-09-26T22:41:44Z">
          <reporter-output>
          </reporter-output>
        </test-method> <!-- afterMethod -->
        <test-method status="PASS" signature="beforeMethod()[pri:0, instance:apitestcases.ZzkgApiCases@55f3ddb1]" name="beforeMethod" is-config="true" duration-ms="187" started-at="2017-09-26T22:41:44Z" finished-at="2017-09-26T22:41:44Z">
          <reporter-output>
          </reporter-output>
        </test-method> <!-- beforeMethod -->
        <test-method status="PASS" signature="addGoodsToCart(java.lang.String, java.lang.String)[pri:0, instance:apitestcases.ZzkgApiCases@55f3ddb1]" name="addGoodsToCart" duration-ms="176" started-at="2017-09-26T22:41:44Z" data-provider="buyProcess" finished-at="2017-09-26T22:41:44Z">
          <params>
            <param index="0">
              <value>
                <![CDATA[{"dealId":991824,"odLabelId":"-1","limitFlag":false,"selected":false,"specId":924116,"dealCount":1000}]]>
              </value>
            </param>
            <param index="1">
              <value>
                <![CDATA[库存不足]]>
              </value>
            </param>
          </params>
          <reporter-output>
          </reporter-output>
        </test-method> <!-- addGoodsToCart -->
        <test-method status="PASS" signature="afterMethod()[pri:0, instance:apitestcases.ZzkgApiCases@55f3ddb1]" name="afterMethod" is-config="true" duration-ms="137" started-at="2017-09-26T22:41:44Z" finished-at="2017-09-26T22:41:44Z">
          <reporter-output>
          </reporter-output>
        </test-method> <!-- afterMethod -->
        <test-method status="PASS" signature="afterClass()[pri:0, instance:apitestcases.ZzkgApiCases@55f3ddb1]" name="afterClass" is-config="true" duration-ms="248" started-at="2017-09-26T22:41:44Z" finished-at="2017-09-26T22:41:44Z">
          <reporter-output>
          </reporter-output>
        </test-method> <!-- afterClass -->
      </class> <!-- apitestcases.ZzkgApiCases -->
    </test> <!-- Default test -->
  </suite> <!-- Default suite -->
</testng-results>
