<?xml version="1.0" encoding="UTF-8"?>
<testng-results skipped="0" failed="1" ignored="1" total="80" passed="78">
  <reporter-output>
  </reporter-output>
  <suite name="Default suite" duration-ms="40018" started-at="2017-12-25T09:53:30Z" finished-at="2017-12-25T09:54:10Z">
    <groups>
      <group name="P1">
        <method signature="ZzkgApiCases.addAddress(java.lang.String, java.lang.String)[pri:0, instance:apitestcases.ZzkgApiCases@59fa1d9b]" name="addAddress" class="apitestcases.ZzkgApiCases"/>
      </group> <!-- P1 -->
    </groups>
    <test name="Default test" duration-ms="40018" started-at="2017-12-25T09:53:30Z" finished-at="2017-12-25T09:54:10Z">
      <class name="apitestcases.ZzkgApiCases">
        <test-method status="PASS" signature="beforeClass()[pri:0, instance:apitestcases.ZzkgApiCases@59fa1d9b]" name="beforeClass" is-config="true" duration-ms="2852" started-at="2017-12-25T17:53:30Z" finished-at="2017-12-25T17:53:32Z">
          <reporter-output>
          </reporter-output>
        </test-method> <!-- beforeClass -->
        <test-method status="PASS" signature="beforeMethod()[pri:0, instance:apitestcases.ZzkgApiCases@59fa1d9b]" name="beforeMethod" is-config="true" duration-ms="228" started-at="2017-12-25T17:53:33Z" finished-at="2017-12-25T17:53:33Z">
          <reporter-output>
          </reporter-output>
        </test-method> <!-- beforeMethod -->
        <test-method status="PASS" signature="addAddress(java.lang.String, java.lang.String)[pri:0, instance:apitestcases.ZzkgApiCases@59fa1d9b]" name="addAddress" duration-ms="252" started-at="2017-12-25T17:53:33Z" data-provider="address" finished-at="2017-12-25T17:53:33Z">
          <params>
            <param index="0">
              <value>
                <![CDATA[{"contact":"大爷134","phone":13414672775,"gender":1,"regionId":813395,"latitude":22.408965,"longitude":113.826119,"room1":"1123Az","village":"东角山","city1":"深圳","addressNaviId":18039,"building":"自动化测试楼栋C栋（勿删）","addressBuildingId":256}]]>
              </value>
            </param>
            <param index="1">
              <value>
                <![CDATA[成功]]>
              </value>
            </param>
          </params>
          <reporter-output>
          </reporter-output>
        </test-method> <!-- addAddress -->
        <test-method status="PASS" signature="afterMethod()[pri:0, instance:apitestcases.ZzkgApiCases@59fa1d9b]" name="afterMethod" is-config="true" duration-ms="193" started-at="2017-12-25T17:53:33Z" finished-at="2017-12-25T17:53:33Z">
          <reporter-output>
          </reporter-output>
        </test-method> <!-- afterMethod -->
        <test-method status="PASS" signature="beforeMethod()[pri:0, instance:apitestcases.ZzkgApiCases@59fa1d9b]" name="beforeMethod" is-config="true" duration-ms="132" started-at="2017-12-25T17:53:33Z" finished-at="2017-12-25T17:53:33Z">
          <reporter-output>
          </reporter-output>
        </test-method> <!-- beforeMethod -->
        <test-method status="PASS" signature="addAddress(java.lang.String, java.lang.String)[pri:0, instance:apitestcases.ZzkgApiCases@59fa1d9b]" name="addAddress" duration-ms="164" started-at="2017-12-25T17:53:33Z" data-provider="address" finished-at="2017-12-25T17:53:33Z">
          <params>
            <param index="0">
              <value>
                <![CDATA[{"contact":"大爷135","phone":13514672775,"gender":1,"regionId":813395,"latitude":22.408965,"longitude":113.826119,"room1":"1123Az","village":"东角山","city1":"深圳","addressNaviId":18039,"building":"自动化测试楼栋C栋（勿删）","addressBuildingId":256}]]>
              </value>
            </param>
            <param index="1">
              <value>
                <![CDATA[成功]]>
              </value>
            </param>
          </params>
          <reporter-output>
          </reporter-output>
        </test-method> <!-- addAddress -->
        <test-method status="PASS" signature="afterMethod()[pri:0, instance:apitestcases.ZzkgApiCases@59fa1d9b]" name="afterMethod" is-config="true" duration-ms="135" started-at="2017-12-25T17:53:33Z" finished-at="2017-12-25T17:53:34Z">
          <reporter-output>
          </reporter-output>
        </test-method> <!-- afterMethod -->
        <test-method status="PASS" signature="beforeMethod()[pri:0, instance:apitestcases.ZzkgApiCases@59fa1d9b]" name="beforeMethod" is-config="true" duration-ms="132" started-at="2017-12-25T17:53:34Z" finished-at="2017-12-25T17:53:34Z">
          <reporter-output>
          </reporter-output>
        </test-method> <!-- beforeMethod -->
        <test-method status="PASS" signature="addAddress(java.lang.String, java.lang.String)[pri:0, instance:apitestcases.ZzkgApiCases@59fa1d9b]" name="addAddress" duration-ms="164" started-at="2017-12-25T17:53:34Z" data-provider="address" finished-at="2017-12-25T17:53:34Z">
          <params>
            <param index="0">
              <value>
                <![CDATA[{"contact":"大爷136","phone":13614672775,"gender":1,"regionId":813395,"latitude":22.408965,"longitude":113.826119,"room1":"1123Az","village":"东角山","city1":"深圳","addressNaviId":18039,"building":"自动化测试楼栋C栋（勿删）","addressBuildingId":256}]]>
              </value>
            </param>
            <param index="1">
              <value>
                <![CDATA[成功]]>
              </value>
            </param>
          </params>
          <reporter-output>
          </reporter-output>
        </test-method> <!-- addAddress -->
        <test-method status="PASS" signature="afterMethod()[pri:0, instance:apitestcases.ZzkgApiCases@59fa1d9b]" name="afterMethod" is-config="true" duration-ms="125" started-at="2017-12-25T17:53:34Z" finished-at="2017-12-25T17:53:34Z">
          <reporter-output>
          </reporter-output>
        </test-method> <!-- afterMethod -->
        <test-method status="PASS" signature="beforeMethod()[pri:0, instance:apitestcases.ZzkgApiCases@59fa1d9b]" name="beforeMethod" is-config="true" duration-ms="120" started-at="2017-12-25T17:53:34Z" finished-at="2017-12-25T17:53:34Z">
          <reporter-output>
          </reporter-output>
        </test-method> <!-- beforeMethod -->
        <test-method status="PASS" signature="addAddress(java.lang.String, java.lang.String)[pri:0, instance:apitestcases.ZzkgApiCases@59fa1d9b]" name="addAddress" duration-ms="141" started-at="2017-12-25T17:53:34Z" data-provider="address" finished-at="2017-12-25T17:53:34Z">
          <params>
            <param index="0">
              <value>
                <![CDATA[{"contact":"大爷137","phone":13714672775,"gender":1,"regionId":813395,"latitude":22.408965,"longitude":113.826119,"room1":"1123Az","village":"东角山","city1":"深圳","addressNaviId":18039,"building":"自动化测试楼栋C栋（勿删）","addressBuildingId":256}]]>
              </value>
            </param>
            <param index="1">
              <value>
                <![CDATA[成功]]>
              </value>
            </param>
          </params>
          <reporter-output>
          </reporter-output>
        </test-method> <!-- addAddress -->
        <test-method status="PASS" signature="afterMethod()[pri:0, instance:apitestcases.ZzkgApiCases@59fa1d9b]" name="afterMethod" is-config="true" duration-ms="127" started-at="2017-12-25T17:53:34Z" finished-at="2017-12-25T17:53:34Z">
          <reporter-output>
          </reporter-output>
        </test-method> <!-- afterMethod -->
        <test-method status="PASS" signature="beforeMethod()[pri:0, instance:apitestcases.ZzkgApiCases@59fa1d9b]" name="beforeMethod" is-config="true" duration-ms="128" started-at="2017-12-25T17:53:34Z" finished-at="2017-12-25T17:53:35Z">
          <reporter-output>
          </reporter-output>
        </test-method> <!-- beforeMethod -->
        <test-method status="PASS" signature="addAddress(java.lang.String, java.lang.String)[pri:0, instance:apitestcases.ZzkgApiCases@59fa1d9b]" name="addAddress" duration-ms="154" started-at="2017-12-25T17:53:35Z" data-provider="address" finished-at="2017-12-25T17:53:35Z">
          <params>
            <param index="0">
              <value>
                <![CDATA[{"contact":"大爷138","phone":13814672775,"gender":1,"regionId":813395,"latitude":22.408965,"longitude":113.826119,"room1":"1123Az","village":"东角山","city1":"深圳","addressNaviId":18039,"building":"自动化测试楼栋C栋（勿删）","addressBuildingId":256}]]>
              </value>
            </param>
            <param index="1">
              <value>
                <![CDATA[成功]]>
              </value>
            </param>
          </params>
          <reporter-output>
          </reporter-output>
        </test-method> <!-- addAddress -->
        <test-method status="PASS" signature="afterMethod()[pri:0, instance:apitestcases.ZzkgApiCases@59fa1d9b]" name="afterMethod" is-config="true" duration-ms="126" started-at="2017-12-25T17:53:35Z" finished-at="2017-12-25T17:53:35Z">
          <reporter-output>
          </reporter-output>
        </test-method> <!-- afterMethod -->
        <test-method status="PASS" signature="beforeMethod()[pri:0, instance:apitestcases.ZzkgApiCases@59fa1d9b]" name="beforeMethod" is-config="true" duration-ms="105" started-at="2017-12-25T17:53:35Z" finished-at="2017-12-25T17:53:35Z">
          <reporter-output>
          </reporter-output>
        </test-method> <!-- beforeMethod -->
        <test-method status="PASS" signature="addAddress(java.lang.String, java.lang.String)[pri:0, instance:apitestcases.ZzkgApiCases@59fa1d9b]" name="addAddress" duration-ms="130" started-at="2017-12-25T17:53:35Z" data-provider="address" finished-at="2017-12-25T17:53:35Z">
          <params>
            <param index="0">
              <value>
                <![CDATA[{"contact":"大爷139","phone":13914672775,"gender":1,"regionId":813395,"latitude":22.408965,"longitude":113.826119,"room1":"1123Az","village":"东角山","city1":"深圳","addressNaviId":18039,"building":"自动化测试楼栋C栋（勿删）","addressBuildingId":256}]]>
              </value>
            </param>
            <param index="1">
              <value>
                <![CDATA[成功]]>
              </value>
            </param>
          </params>
          <reporter-output>
          </reporter-output>
        </test-method> <!-- addAddress -->
        <test-method status="PASS" signature="afterMethod()[pri:0, instance:apitestcases.ZzkgApiCases@59fa1d9b]" name="afterMethod" is-config="true" duration-ms="127" started-at="2017-12-25T17:53:35Z" finished-at="2017-12-25T17:53:35Z">
          <reporter-output>
          </reporter-output>
        </test-method> <!-- afterMethod -->
        <test-method status="PASS" signature="beforeMethod()[pri:0, instance:apitestcases.ZzkgApiCases@59fa1d9b]" name="beforeMethod" is-config="true" duration-ms="101" started-at="2017-12-25T17:53:35Z" finished-at="2017-12-25T17:53:35Z">
          <reporter-output>
          </reporter-output>
        </test-method> <!-- beforeMethod -->
        <test-method status="PASS" signature="addAddress(java.lang.String, java.lang.String)[pri:0, instance:apitestcases.ZzkgApiCases@59fa1d9b]" name="addAddress" duration-ms="127" started-at="2017-12-25T17:53:35Z" data-provider="address" finished-at="2017-12-25T17:53:35Z">
          <params>
            <param index="0">
              <value>
                <![CDATA[{"contact":"大爷150","phone":15014672775,"gender":1,"regionId":813395,"latitude":22.408965,"longitude":113.826119,"room1":"1123Az","village":"东角山","city1":"深圳","addressNaviId":18039,"building":"自动化测试楼栋C栋（勿删）","addressBuildingId":256}]]>
              </value>
            </param>
            <param index="1">
              <value>
                <![CDATA[成功]]>
              </value>
            </param>
          </params>
          <reporter-output>
          </reporter-output>
        </test-method> <!-- addAddress -->
        <test-method status="PASS" signature="afterMethod()[pri:0, instance:apitestcases.ZzkgApiCases@59fa1d9b]" name="afterMethod" is-config="true" duration-ms="106" started-at="2017-12-25T17:53:35Z" finished-at="2017-12-25T17:53:36Z">
          <reporter-output>
          </reporter-output>
        </test-method> <!-- afterMethod -->
        <test-method status="PASS" signature="beforeMethod()[pri:0, instance:apitestcases.ZzkgApiCases@59fa1d9b]" name="beforeMethod" is-config="true" duration-ms="108" started-at="2017-12-25T17:53:36Z" finished-at="2017-12-25T17:53:36Z">
          <reporter-output>
          </reporter-output>
        </test-method> <!-- beforeMethod -->
        <test-method status="PASS" signature="addAddress(java.lang.String, java.lang.String)[pri:0, instance:apitestcases.ZzkgApiCases@59fa1d9b]" name="addAddress" duration-ms="122" started-at="2017-12-25T17:53:36Z" data-provider="address" finished-at="2017-12-25T17:53:36Z">
          <params>
            <param index="0">
              <value>
                <![CDATA[{"contact":"大爷151","phone":15114672775,"gender":1,"regionId":813395,"latitude":22.408965,"longitude":113.826119,"room1":"1123Az","village":"东角山","city1":"深圳","addressNaviId":18039,"building":"自动化测试楼栋C栋（勿删）","addressBuildingId":256}]]>
              </value>
            </param>
            <param index="1">
              <value>
                <![CDATA[成功]]>
              </value>
            </param>
          </params>
          <reporter-output>
          </reporter-output>
        </test-method> <!-- addAddress -->
        <test-method status="PASS" signature="afterMethod()[pri:0, instance:apitestcases.ZzkgApiCases@59fa1d9b]" name="afterMethod" is-config="true" duration-ms="103" started-at="2017-12-25T17:53:36Z" finished-at="2017-12-25T17:53:36Z">
          <reporter-output>
          </reporter-output>
        </test-method> <!-- afterMethod -->
        <test-method status="PASS" signature="beforeMethod()[pri:0, instance:apitestcases.ZzkgApiCases@59fa1d9b]" name="beforeMethod" is-config="true" duration-ms="115" started-at="2017-12-25T17:53:36Z" finished-at="2017-12-25T17:53:36Z">
          <reporter-output>
          </reporter-output>
        </test-method> <!-- beforeMethod -->
        <test-method status="PASS" signature="addAddress(java.lang.String, java.lang.String)[pri:0, instance:apitestcases.ZzkgApiCases@59fa1d9b]" name="addAddress" duration-ms="141" started-at="2017-12-25T17:53:36Z" data-provider="address" finished-at="2017-12-25T17:53:36Z">
          <params>
            <param index="0">
              <value>
                <![CDATA[{"contact":"大爷152","phone":15214672775,"gender":1,"regionId":813395,"latitude":22.408965,"longitude":113.826119,"room1":"1123Az","village":"东角山","city1":"深圳","addressNaviId":18039,"building":"自动化测试楼栋C栋（勿删）","addressBuildingId":256}]]>
              </value>
            </param>
            <param index="1">
              <value>
                <![CDATA[成功]]>
              </value>
            </param>
          </params>
          <reporter-output>
          </reporter-output>
        </test-method> <!-- addAddress -->
        <test-method status="PASS" signature="afterMethod()[pri:0, instance:apitestcases.ZzkgApiCases@59fa1d9b]" name="afterMethod" is-config="true" duration-ms="124" started-at="2017-12-25T17:53:36Z" finished-at="2017-12-25T17:53:36Z">
          <reporter-output>
          </reporter-output>
        </test-method> <!-- afterMethod -->
        <test-method status="PASS" signature="beforeMethod()[pri:0, instance:apitestcases.ZzkgApiCases@59fa1d9b]" name="beforeMethod" is-config="true" duration-ms="107" started-at="2017-12-25T17:53:36Z" finished-at="2017-12-25T17:53:36Z">
          <reporter-output>
          </reporter-output>
        </test-method> <!-- beforeMethod -->
        <test-method status="PASS" signature="addAddress(java.lang.String, java.lang.String)[pri:0, instance:apitestcases.ZzkgApiCases@59fa1d9b]" name="addAddress" duration-ms="120" started-at="2017-12-25T17:53:36Z" data-provider="address" finished-at="2017-12-25T17:53:36Z">
          <params>
            <param index="0">
              <value>
                <![CDATA[{"contact":"大爷157","phone":15714672775,"gender":1,"regionId":813395,"latitude":22.408965,"longitude":113.826119,"room1":"1123Az","village":"东角山","city1":"深圳","addressNaviId":18039,"building":"自动化测试楼栋C栋（勿删）","addressBuildingId":256}]]>
              </value>
            </param>
            <param index="1">
              <value>
                <![CDATA[成功]]>
              </value>
            </param>
          </params>
          <reporter-output>
          </reporter-output>
        </test-method> <!-- addAddress -->
        <test-method status="PASS" signature="afterMethod()[pri:0, instance:apitestcases.ZzkgApiCases@59fa1d9b]" name="afterMethod" is-config="true" duration-ms="102" started-at="2017-12-25T17:53:36Z" finished-at="2017-12-25T17:53:37Z">
          <reporter-output>
          </reporter-output>
        </test-method> <!-- afterMethod -->
        <test-method status="PASS" signature="beforeMethod()[pri:0, instance:apitestcases.ZzkgApiCases@59fa1d9b]" name="beforeMethod" is-config="true" duration-ms="101" started-at="2017-12-25T17:53:37Z" finished-at="2017-12-25T17:53:37Z">
          <reporter-output>
          </reporter-output>
        </test-method> <!-- beforeMethod -->
        <test-method status="PASS" signature="addAddress(java.lang.String, java.lang.String)[pri:0, instance:apitestcases.ZzkgApiCases@59fa1d9b]" name="addAddress" duration-ms="124" started-at="2017-12-25T17:53:37Z" data-provider="address" finished-at="2017-12-25T17:53:37Z">
          <params>
            <param index="0">
              <value>
                <![CDATA[{"contact":"大爷158","phone":15814672775,"gender":1,"regionId":813395,"latitude":22.408965,"longitude":113.826119,"room1":"1123Az","village":"东角山","city1":"深圳","addressNaviId":18039,"building":"自动化测试楼栋C栋（勿删）","addressBuildingId":256}]]>
              </value>
            </param>
            <param index="1">
              <value>
                <![CDATA[成功]]>
              </value>
            </param>
          </params>
          <reporter-output>
          </reporter-output>
        </test-method> <!-- addAddress -->
        <test-method status="PASS" signature="afterMethod()[pri:0, instance:apitestcases.ZzkgApiCases@59fa1d9b]" name="afterMethod" is-config="true" duration-ms="103" started-at="2017-12-25T17:53:37Z" finished-at="2017-12-25T17:53:37Z">
          <reporter-output>
          </reporter-output>
        </test-method> <!-- afterMethod -->
        <test-method status="PASS" signature="beforeMethod()[pri:0, instance:apitestcases.ZzkgApiCases@59fa1d9b]" name="beforeMethod" is-config="true" duration-ms="103" started-at="2017-12-25T17:53:37Z" finished-at="2017-12-25T17:53:37Z">
          <reporter-output>
          </reporter-output>
        </test-method> <!-- beforeMethod -->
        <test-method status="PASS" signature="addAddress(java.lang.String, java.lang.String)[pri:0, instance:apitestcases.ZzkgApiCases@59fa1d9b]" name="addAddress" duration-ms="130" started-at="2017-12-25T17:53:37Z" data-provider="address" finished-at="2017-12-25T17:53:37Z">
          <params>
            <param index="0">
              <value>
                <![CDATA[{"contact":"大爷159","phone":15914672775,"gender":1,"regionId":813395,"latitude":22.408965,"longitude":113.826119,"room1":"1123Az","village":"东角山","city1":"深圳","addressNaviId":18039,"building":"自动化测试楼栋C栋（勿删）","addressBuildingId":256}]]>
              </value>
            </param>
            <param index="1">
              <value>
                <![CDATA[成功]]>
              </value>
            </param>
          </params>
          <reporter-output>
          </reporter-output>
        </test-method> <!-- addAddress -->
        <test-method status="PASS" signature="afterMethod()[pri:0, instance:apitestcases.ZzkgApiCases@59fa1d9b]" name="afterMethod" is-config="true" duration-ms="101" started-at="2017-12-25T17:53:37Z" finished-at="2017-12-25T17:53:37Z">
          <reporter-output>
          </reporter-output>
        </test-method> <!-- afterMethod -->
        <test-method status="PASS" signature="beforeMethod()[pri:0, instance:apitestcases.ZzkgApiCases@59fa1d9b]" name="beforeMethod" is-config="true" duration-ms="110" started-at="2017-12-25T17:53:37Z" finished-at="2017-12-25T17:53:37Z">
          <reporter-output>
          </reporter-output>
        </test-method> <!-- beforeMethod -->
        <test-method status="PASS" signature="addAddress(java.lang.String, java.lang.String)[pri:0, instance:apitestcases.ZzkgApiCases@59fa1d9b]" name="addAddress" duration-ms="120" started-at="2017-12-25T17:53:37Z" data-provider="address" finished-at="2017-12-25T17:53:37Z">
          <params>
            <param index="0">
              <value>
                <![CDATA[{"contact":"大爷182","phone":18214672775,"gender":1,"regionId":813395,"latitude":22.408965,"longitude":113.826119,"room1":"1123Az","village":"东角山","city1":"深圳","addressNaviId":18039,"building":"自动化测试楼栋C栋（勿删）","addressBuildingId":256}]]>
              </value>
            </param>
            <param index="1">
              <value>
                <![CDATA[成功]]>
              </value>
            </param>
          </params>
          <reporter-output>
          </reporter-output>
        </test-method> <!-- addAddress -->
        <test-method status="PASS" signature="afterMethod()[pri:0, instance:apitestcases.ZzkgApiCases@59fa1d9b]" name="afterMethod" is-config="true" duration-ms="101" started-at="2017-12-25T17:53:37Z" finished-at="2017-12-25T17:53:38Z">
          <reporter-output>
          </reporter-output>
        </test-method> <!-- afterMethod -->
        <test-method status="PASS" signature="beforeMethod()[pri:0, instance:apitestcases.ZzkgApiCases@59fa1d9b]" name="beforeMethod" is-config="true" duration-ms="102" started-at="2017-12-25T17:53:38Z" finished-at="2017-12-25T17:53:38Z">
          <reporter-output>
          </reporter-output>
        </test-method> <!-- beforeMethod -->
        <test-method status="PASS" signature="addAddress(java.lang.String, java.lang.String)[pri:0, instance:apitestcases.ZzkgApiCases@59fa1d9b]" name="addAddress" duration-ms="127" started-at="2017-12-25T17:53:38Z" data-provider="address" finished-at="2017-12-25T17:53:38Z">
          <params>
            <param index="0">
              <value>
                <![CDATA[{"contact":"大爷183","phone":18314672775,"gender":1,"regionId":813395,"latitude":22.408965,"longitude":113.826119,"room1":"1123Az","village":"东角山","city1":"深圳","addressNaviId":18039,"building":"自动化测试楼栋C栋（勿删）","addressBuildingId":256}]]>
              </value>
            </param>
            <param index="1">
              <value>
                <![CDATA[成功]]>
              </value>
            </param>
          </params>
          <reporter-output>
          </reporter-output>
        </test-method> <!-- addAddress -->
        <test-method status="PASS" signature="afterMethod()[pri:0, instance:apitestcases.ZzkgApiCases@59fa1d9b]" name="afterMethod" is-config="true" duration-ms="104" started-at="2017-12-25T17:53:38Z" finished-at="2017-12-25T17:53:38Z">
          <reporter-output>
          </reporter-output>
        </test-method> <!-- afterMethod -->
        <test-method status="PASS" signature="beforeMethod()[pri:0, instance:apitestcases.ZzkgApiCases@59fa1d9b]" name="beforeMethod" is-config="true" duration-ms="101" started-at="2017-12-25T17:53:38Z" finished-at="2017-12-25T17:53:38Z">
          <reporter-output>
          </reporter-output>
        </test-method> <!-- beforeMethod -->
        <test-method status="PASS" signature="addAddress(java.lang.String, java.lang.String)[pri:0, instance:apitestcases.ZzkgApiCases@59fa1d9b]" name="addAddress" duration-ms="140" started-at="2017-12-25T17:53:38Z" data-provider="address" finished-at="2017-12-25T17:53:38Z">
          <params>
            <param index="0">
              <value>
                <![CDATA[{"contact":"大爷184","phone":18414672775,"gender":1,"regionId":813395,"latitude":22.408965,"longitude":113.826119,"room1":"1123Az","village":"东角山","city1":"深圳","addressNaviId":18039,"building":"自动化测试楼栋C栋（勿删）","addressBuildingId":256}]]>
              </value>
            </param>
            <param index="1">
              <value>
                <![CDATA[成功]]>
              </value>
            </param>
          </params>
          <reporter-output>
          </reporter-output>
        </test-method> <!-- addAddress -->
        <test-method status="PASS" signature="afterMethod()[pri:0, instance:apitestcases.ZzkgApiCases@59fa1d9b]" name="afterMethod" is-config="true" duration-ms="106" started-at="2017-12-25T17:53:38Z" finished-at="2017-12-25T17:53:38Z">
          <reporter-output>
          </reporter-output>
        </test-method> <!-- afterMethod -->
        <test-method status="PASS" signature="beforeMethod()[pri:0, instance:apitestcases.ZzkgApiCases@59fa1d9b]" name="beforeMethod" is-config="true" duration-ms="112" started-at="2017-12-25T17:53:38Z" finished-at="2017-12-25T17:53:38Z">
          <reporter-output>
          </reporter-output>
        </test-method> <!-- beforeMethod -->
        <test-method status="PASS" signature="addAddress(java.lang.String, java.lang.String)[pri:0, instance:apitestcases.ZzkgApiCases@59fa1d9b]" name="addAddress" duration-ms="134" started-at="2017-12-25T17:53:38Z" data-provider="address" finished-at="2017-12-25T17:53:39Z">
          <params>
            <param index="0">
              <value>
                <![CDATA[{"contact":"大爷187","phone":18714672775,"gender":1,"regionId":813395,"latitude":22.408965,"longitude":113.826119,"room1":"1123Az","village":"东角山","city1":"深圳","addressNaviId":18039,"building":"自动化测试楼栋C栋（勿删）","addressBuildingId":256}]]>
              </value>
            </param>
            <param index="1">
              <value>
                <![CDATA[成功]]>
              </value>
            </param>
          </params>
          <reporter-output>
          </reporter-output>
        </test-method> <!-- addAddress -->
        <test-method status="PASS" signature="afterMethod()[pri:0, instance:apitestcases.ZzkgApiCases@59fa1d9b]" name="afterMethod" is-config="true" duration-ms="108" started-at="2017-12-25T17:53:39Z" finished-at="2017-12-25T17:53:39Z">
          <reporter-output>
          </reporter-output>
        </test-method> <!-- afterMethod -->
        <test-method status="PASS" signature="beforeMethod()[pri:0, instance:apitestcases.ZzkgApiCases@59fa1d9b]" name="beforeMethod" is-config="true" duration-ms="99" started-at="2017-12-25T17:53:39Z" finished-at="2017-12-25T17:53:39Z">
          <reporter-output>
          </reporter-output>
        </test-method> <!-- beforeMethod -->
        <test-method status="PASS" signature="addAddress(java.lang.String, java.lang.String)[pri:0, instance:apitestcases.ZzkgApiCases@59fa1d9b]" name="addAddress" duration-ms="122" started-at="2017-12-25T17:53:39Z" data-provider="address" finished-at="2017-12-25T17:53:39Z">
          <params>
            <param index="0">
              <value>
                <![CDATA[{"contact":"大爷188","phone":18814672775,"gender":1,"regionId":813395,"latitude":22.408965,"longitude":113.826119,"room1":"1123Az","village":"东角山","city1":"深圳","addressNaviId":18039,"building":"自动化测试楼栋C栋（勿删）","addressBuildingId":256}]]>
              </value>
            </param>
            <param index="1">
              <value>
                <![CDATA[成功]]>
              </value>
            </param>
          </params>
          <reporter-output>
          </reporter-output>
        </test-method> <!-- addAddress -->
        <test-method status="PASS" signature="afterMethod()[pri:0, instance:apitestcases.ZzkgApiCases@59fa1d9b]" name="afterMethod" is-config="true" duration-ms="98" started-at="2017-12-25T17:53:39Z" finished-at="2017-12-25T17:53:39Z">
          <reporter-output>
          </reporter-output>
        </test-method> <!-- afterMethod -->
        <test-method status="PASS" signature="beforeMethod()[pri:0, instance:apitestcases.ZzkgApiCases@59fa1d9b]" name="beforeMethod" is-config="true" duration-ms="104" started-at="2017-12-25T17:53:39Z" finished-at="2017-12-25T17:53:39Z">
          <reporter-output>
          </reporter-output>
        </test-method> <!-- beforeMethod -->
        <test-method status="PASS" signature="addAddress(java.lang.String, java.lang.String)[pri:0, instance:apitestcases.ZzkgApiCases@59fa1d9b]" name="addAddress" duration-ms="179" started-at="2017-12-25T17:53:39Z" data-provider="address" finished-at="2017-12-25T17:53:39Z">
          <params>
            <param index="0">
              <value>
                <![CDATA[{"contact":"大爷147","phone":14714672775,"gender":1,"regionId":813395,"latitude":22.408965,"longitude":113.826119,"room1":"1123Az","village":"东角山","city1":"深圳","addressNaviId":18039,"building":"自动化测试楼栋C栋（勿删）","addressBuildingId":256}]]>
              </value>
            </param>
            <param index="1">
              <value>
                <![CDATA[成功]]>
              </value>
            </param>
          </params>
          <reporter-output>
          </reporter-output>
        </test-method> <!-- addAddress -->
        <test-method status="PASS" signature="afterMethod()[pri:0, instance:apitestcases.ZzkgApiCases@59fa1d9b]" name="afterMethod" is-config="true" duration-ms="130" started-at="2017-12-25T17:53:39Z" finished-at="2017-12-25T17:53:39Z">
          <reporter-output>
          </reporter-output>
        </test-method> <!-- afterMethod -->
        <test-method status="PASS" signature="beforeMethod()[pri:0, instance:apitestcases.ZzkgApiCases@59fa1d9b]" name="beforeMethod" is-config="true" duration-ms="100" started-at="2017-12-25T17:53:39Z" finished-at="2017-12-25T17:53:39Z">
          <reporter-output>
          </reporter-output>
        </test-method> <!-- beforeMethod -->
        <test-method status="PASS" signature="addAddress(java.lang.String, java.lang.String)[pri:0, instance:apitestcases.ZzkgApiCases@59fa1d9b]" name="addAddress" duration-ms="321" started-at="2017-12-25T17:53:39Z" data-provider="address" finished-at="2017-12-25T17:53:40Z">
          <params>
            <param index="0">
              <value>
                <![CDATA[{"contact":"大爷178","phone":17814672775,"gender":1,"regionId":813395,"latitude":22.408965,"longitude":113.826119,"room1":"1123Az","village":"东角山","city1":"深圳","addressNaviId":18039,"building":"自动化测试楼栋C栋（勿删）","addressBuildingId":256}]]>
              </value>
            </param>
            <param index="1">
              <value>
                <![CDATA[成功]]>
              </value>
            </param>
          </params>
          <reporter-output>
          </reporter-output>
        </test-method> <!-- addAddress -->
        <test-method status="PASS" signature="afterMethod()[pri:0, instance:apitestcases.ZzkgApiCases@59fa1d9b]" name="afterMethod" is-config="true" duration-ms="96" started-at="2017-12-25T17:53:40Z" finished-at="2017-12-25T17:53:40Z">
          <reporter-output>
          </reporter-output>
        </test-method> <!-- afterMethod -->
        <test-method status="PASS" signature="beforeMethod()[pri:0, instance:apitestcases.ZzkgApiCases@59fa1d9b]" name="beforeMethod" is-config="true" duration-ms="101" started-at="2017-12-25T17:53:40Z" finished-at="2017-12-25T17:53:40Z">
          <reporter-output>
          </reporter-output>
        </test-method> <!-- beforeMethod -->
        <test-method status="PASS" signature="addAddress(java.lang.String, java.lang.String)[pri:0, instance:apitestcases.ZzkgApiCases@59fa1d9b]" name="addAddress" duration-ms="118" started-at="2017-12-25T17:53:40Z" data-provider="address" finished-at="2017-12-25T17:53:40Z">
          <params>
            <param index="0">
              <value>
                <![CDATA[{"contact":"大爷130","phone":13014672775,"gender":1,"regionId":813395,"latitude":22.408965,"longitude":113.826119,"room1":"1123Az","village":"东角山","city1":"深圳","addressNaviId":18039,"building":"自动化测试楼栋C栋（勿删）","addressBuildingId":256}]]>
              </value>
            </param>
            <param index="1">
              <value>
                <![CDATA[成功]]>
              </value>
            </param>
          </params>
          <reporter-output>
          </reporter-output>
        </test-method> <!-- addAddress -->
        <test-method status="PASS" signature="afterMethod()[pri:0, instance:apitestcases.ZzkgApiCases@59fa1d9b]" name="afterMethod" is-config="true" duration-ms="303" started-at="2017-12-25T17:53:40Z" finished-at="2017-12-25T17:53:40Z">
          <reporter-output>
          </reporter-output>
        </test-method> <!-- afterMethod -->
        <test-method status="PASS" signature="beforeMethod()[pri:0, instance:apitestcases.ZzkgApiCases@59fa1d9b]" name="beforeMethod" is-config="true" duration-ms="117" started-at="2017-12-25T17:53:40Z" finished-at="2017-12-25T17:53:41Z">
          <reporter-output>
          </reporter-output>
        </test-method> <!-- beforeMethod -->
        <test-method status="PASS" signature="addAddress(java.lang.String, java.lang.String)[pri:0, instance:apitestcases.ZzkgApiCases@59fa1d9b]" name="addAddress" duration-ms="128" started-at="2017-12-25T17:53:41Z" data-provider="address" finished-at="2017-12-25T17:53:41Z">
          <params>
            <param index="0">
              <value>
                <![CDATA[{"contact":"大爷131","phone":13114672775,"gender":1,"regionId":813395,"latitude":22.408965,"longitude":113.826119,"room1":"1123Az","village":"东角山","city1":"深圳","addressNaviId":18039,"building":"自动化测试楼栋C栋（勿删）","addressBuildingId":256}]]>
              </value>
            </param>
            <param index="1">
              <value>
                <![CDATA[成功]]>
              </value>
            </param>
          </params>
          <reporter-output>
          </reporter-output>
        </test-method> <!-- addAddress -->
        <test-method status="PASS" signature="afterMethod()[pri:0, instance:apitestcases.ZzkgApiCases@59fa1d9b]" name="afterMethod" is-config="true" duration-ms="323" started-at="2017-12-25T17:53:41Z" finished-at="2017-12-25T17:53:41Z">
          <reporter-output>
          </reporter-output>
        </test-method> <!-- afterMethod -->
        <test-method status="PASS" signature="beforeMethod()[pri:0, instance:apitestcases.ZzkgApiCases@59fa1d9b]" name="beforeMethod" is-config="true" duration-ms="93" started-at="2017-12-25T17:53:41Z" finished-at="2017-12-25T17:53:41Z">
          <reporter-output>
          </reporter-output>
        </test-method> <!-- beforeMethod -->
        <test-method status="PASS" signature="addAddress(java.lang.String, java.lang.String)[pri:0, instance:apitestcases.ZzkgApiCases@59fa1d9b]" name="addAddress" duration-ms="119" started-at="2017-12-25T17:53:41Z" data-provider="address" finished-at="2017-12-25T17:53:41Z">
          <params>
            <param index="0">
              <value>
                <![CDATA[{"contact":"大爷132","phone":13214672775,"gender":1,"regionId":813395,"latitude":22.408965,"longitude":113.826119,"room1":"1123Az","village":"东角山","city1":"深圳","addressNaviId":18039,"building":"自动化测试楼栋C栋（勿删）","addressBuildingId":256}]]>
              </value>
            </param>
            <param index="1">
              <value>
                <![CDATA[成功]]>
              </value>
            </param>
          </params>
          <reporter-output>
          </reporter-output>
        </test-method> <!-- addAddress -->
        <test-method status="PASS" signature="afterMethod()[pri:0, instance:apitestcases.ZzkgApiCases@59fa1d9b]" name="afterMethod" is-config="true" duration-ms="95" started-at="2017-12-25T17:53:41Z" finished-at="2017-12-25T17:53:41Z">
          <reporter-output>
          </reporter-output>
        </test-method> <!-- afterMethod -->
        <test-method status="PASS" signature="beforeMethod()[pri:0, instance:apitestcases.ZzkgApiCases@59fa1d9b]" name="beforeMethod" is-config="true" duration-ms="300" started-at="2017-12-25T17:53:41Z" finished-at="2017-12-25T17:53:42Z">
          <reporter-output>
          </reporter-output>
        </test-method> <!-- beforeMethod -->
        <test-method status="PASS" signature="addAddress(java.lang.String, java.lang.String)[pri:0, instance:apitestcases.ZzkgApiCases@59fa1d9b]" name="addAddress" duration-ms="114" started-at="2017-12-25T17:53:42Z" data-provider="address" finished-at="2017-12-25T17:53:42Z">
          <params>
            <param index="0">
              <value>
                <![CDATA[{"contact":"大爷155","phone":15514672775,"gender":1,"regionId":813395,"latitude":22.408965,"longitude":113.826119,"room1":"1123Az","village":"东角山","city1":"深圳","addressNaviId":18039,"building":"自动化测试楼栋C栋（勿删）","addressBuildingId":256}]]>
              </value>
            </param>
            <param index="1">
              <value>
                <![CDATA[成功]]>
              </value>
            </param>
          </params>
          <reporter-output>
          </reporter-output>
        </test-method> <!-- addAddress -->
        <test-method status="PASS" signature="afterMethod()[pri:0, instance:apitestcases.ZzkgApiCases@59fa1d9b]" name="afterMethod" is-config="true" duration-ms="98" started-at="2017-12-25T17:53:42Z" finished-at="2017-12-25T17:53:42Z">
          <reporter-output>
          </reporter-output>
        </test-method> <!-- afterMethod -->
        <test-method status="PASS" signature="beforeMethod()[pri:0, instance:apitestcases.ZzkgApiCases@59fa1d9b]" name="beforeMethod" is-config="true" duration-ms="94" started-at="2017-12-25T17:53:42Z" finished-at="2017-12-25T17:53:42Z">
          <reporter-output>
          </reporter-output>
        </test-method> <!-- beforeMethod -->
        <test-method status="PASS" signature="addAddress(java.lang.String, java.lang.String)[pri:0, instance:apitestcases.ZzkgApiCases@59fa1d9b]" name="addAddress" duration-ms="126" started-at="2017-12-25T17:53:42Z" data-provider="address" finished-at="2017-12-25T17:53:42Z">
          <params>
            <param index="0">
              <value>
                <![CDATA[{"contact":"大爷156","phone":15614672775,"gender":1,"regionId":813395,"latitude":22.408965,"longitude":113.826119,"room1":"1123Az","village":"东角山","city1":"深圳","addressNaviId":18039,"building":"自动化测试楼栋C栋（勿删）","addressBuildingId":256}]]>
              </value>
            </param>
            <param index="1">
              <value>
                <![CDATA[成功]]>
              </value>
            </param>
          </params>
          <reporter-output>
          </reporter-output>
        </test-method> <!-- addAddress -->
        <test-method status="PASS" signature="afterMethod()[pri:0, instance:apitestcases.ZzkgApiCases@59fa1d9b]" name="afterMethod" is-config="true" duration-ms="133" started-at="2017-12-25T17:53:42Z" finished-at="2017-12-25T17:53:42Z">
          <reporter-output>
          </reporter-output>
        </test-method> <!-- afterMethod -->
        <test-method status="PASS" signature="beforeMethod()[pri:0, instance:apitestcases.ZzkgApiCases@59fa1d9b]" name="beforeMethod" is-config="true" duration-ms="113" started-at="2017-12-25T17:53:42Z" finished-at="2017-12-25T17:53:42Z">
          <reporter-output>
          </reporter-output>
        </test-method> <!-- beforeMethod -->
        <test-method status="PASS" signature="addAddress(java.lang.String, java.lang.String)[pri:0, instance:apitestcases.ZzkgApiCases@59fa1d9b]" name="addAddress" duration-ms="114" started-at="2017-12-25T17:53:42Z" data-provider="address" finished-at="2017-12-25T17:53:42Z">
          <params>
            <param index="0">
              <value>
                <![CDATA[{"contact":"大爷185","phone":18514672775,"gender":1,"regionId":813395,"latitude":22.408965,"longitude":113.826119,"room1":"1123Az","village":"东角山","city1":"深圳","addressNaviId":18039,"building":"自动化测试楼栋C栋（勿删）","addressBuildingId":256}]]>
              </value>
            </param>
            <param index="1">
              <value>
                <![CDATA[成功]]>
              </value>
            </param>
          </params>
          <reporter-output>
          </reporter-output>
        </test-method> <!-- addAddress -->
        <test-method status="PASS" signature="afterMethod()[pri:0, instance:apitestcases.ZzkgApiCases@59fa1d9b]" name="afterMethod" is-config="true" duration-ms="108" started-at="2017-12-25T17:53:42Z" finished-at="2017-12-25T17:53:42Z">
          <reporter-output>
          </reporter-output>
        </test-method> <!-- afterMethod -->
        <test-method status="PASS" signature="beforeMethod()[pri:0, instance:apitestcases.ZzkgApiCases@59fa1d9b]" name="beforeMethod" is-config="true" duration-ms="97" started-at="2017-12-25T17:53:42Z" finished-at="2017-12-25T17:53:43Z">
          <reporter-output>
          </reporter-output>
        </test-method> <!-- beforeMethod -->
        <test-method status="PASS" signature="addAddress(java.lang.String, java.lang.String)[pri:0, instance:apitestcases.ZzkgApiCases@59fa1d9b]" name="addAddress" duration-ms="110" started-at="2017-12-25T17:53:43Z" data-provider="address" finished-at="2017-12-25T17:53:43Z">
          <params>
            <param index="0">
              <value>
                <![CDATA[{"contact":"大爷186","phone":18614672775,"gender":1,"regionId":813395,"latitude":22.408965,"longitude":113.826119,"room1":"1123Az","village":"东角山","city1":"深圳","addressNaviId":18039,"building":"自动化测试楼栋C栋（勿删）","addressBuildingId":256}]]>
              </value>
            </param>
            <param index="1">
              <value>
                <![CDATA[成功]]>
              </value>
            </param>
          </params>
          <reporter-output>
          </reporter-output>
        </test-method> <!-- addAddress -->
        <test-method status="PASS" signature="afterMethod()[pri:0, instance:apitestcases.ZzkgApiCases@59fa1d9b]" name="afterMethod" is-config="true" duration-ms="94" started-at="2017-12-25T17:53:43Z" finished-at="2017-12-25T17:53:43Z">
          <reporter-output>
          </reporter-output>
        </test-method> <!-- afterMethod -->
        <test-method status="PASS" signature="beforeMethod()[pri:0, instance:apitestcases.ZzkgApiCases@59fa1d9b]" name="beforeMethod" is-config="true" duration-ms="100" started-at="2017-12-25T17:53:43Z" finished-at="2017-12-25T17:53:43Z">
          <reporter-output>
          </reporter-output>
        </test-method> <!-- beforeMethod -->
        <test-method status="PASS" signature="addAddress(java.lang.String, java.lang.String)[pri:0, instance:apitestcases.ZzkgApiCases@59fa1d9b]" name="addAddress" duration-ms="114" started-at="2017-12-25T17:53:43Z" data-provider="address" finished-at="2017-12-25T17:53:43Z">
          <params>
            <param index="0">
              <value>
                <![CDATA[{"contact":"大爷145","phone":14514672775,"gender":1,"regionId":813395,"latitude":22.408965,"longitude":113.826119,"room1":"1123Az","village":"东角山","city1":"深圳","addressNaviId":18039,"building":"自动化测试楼栋C栋（勿删）","addressBuildingId":256}]]>
              </value>
            </param>
            <param index="1">
              <value>
                <![CDATA[成功]]>
              </value>
            </param>
          </params>
          <reporter-output>
          </reporter-output>
        </test-method> <!-- addAddress -->
        <test-method status="PASS" signature="afterMethod()[pri:0, instance:apitestcases.ZzkgApiCases@59fa1d9b]" name="afterMethod" is-config="true" duration-ms="96" started-at="2017-12-25T17:53:43Z" finished-at="2017-12-25T17:53:43Z">
          <reporter-output>
          </reporter-output>
        </test-method> <!-- afterMethod -->
        <test-method status="PASS" signature="beforeMethod()[pri:0, instance:apitestcases.ZzkgApiCases@59fa1d9b]" name="beforeMethod" is-config="true" duration-ms="104" started-at="2017-12-25T17:53:43Z" finished-at="2017-12-25T17:53:43Z">
          <reporter-output>
          </reporter-output>
        </test-method> <!-- beforeMethod -->
        <test-method status="PASS" signature="addAddress(java.lang.String, java.lang.String)[pri:0, instance:apitestcases.ZzkgApiCases@59fa1d9b]" name="addAddress" duration-ms="113" started-at="2017-12-25T17:53:43Z" data-provider="address" finished-at="2017-12-25T17:53:43Z">
          <params>
            <param index="0">
              <value>
                <![CDATA[{"contact":"大爷175","phone":17514672775,"gender":1,"regionId":813395,"latitude":22.408965,"longitude":113.826119,"room1":"1123Az","village":"东角山","city1":"深圳","addressNaviId":18039,"building":"自动化测试楼栋C栋（勿删）","addressBuildingId":256}]]>
              </value>
            </param>
            <param index="1">
              <value>
                <![CDATA[成功]]>
              </value>
            </param>
          </params>
          <reporter-output>
          </reporter-output>
        </test-method> <!-- addAddress -->
        <test-method status="PASS" signature="afterMethod()[pri:0, instance:apitestcases.ZzkgApiCases@59fa1d9b]" name="afterMethod" is-config="true" duration-ms="93" started-at="2017-12-25T17:53:43Z" finished-at="2017-12-25T17:53:43Z">
          <reporter-output>
          </reporter-output>
        </test-method> <!-- afterMethod -->
        <test-method status="PASS" signature="beforeMethod()[pri:0, instance:apitestcases.ZzkgApiCases@59fa1d9b]" name="beforeMethod" is-config="true" duration-ms="102" started-at="2017-12-25T17:53:43Z" finished-at="2017-12-25T17:53:44Z">
          <reporter-output>
          </reporter-output>
        </test-method> <!-- beforeMethod -->
        <test-method status="PASS" signature="addAddress(java.lang.String, java.lang.String)[pri:0, instance:apitestcases.ZzkgApiCases@59fa1d9b]" name="addAddress" duration-ms="115" started-at="2017-12-25T17:53:44Z" data-provider="address" finished-at="2017-12-25T17:53:44Z">
          <params>
            <param index="0">
              <value>
                <![CDATA[{"contact":"大爷176","phone":17614672775,"gender":1,"regionId":813395,"latitude":22.408965,"longitude":113.826119,"room1":"1123Az","village":"东角山","city1":"深圳","addressNaviId":18039,"building":"自动化测试楼栋C栋（勿删）","addressBuildingId":256}]]>
              </value>
            </param>
            <param index="1">
              <value>
                <![CDATA[成功]]>
              </value>
            </param>
          </params>
          <reporter-output>
          </reporter-output>
        </test-method> <!-- addAddress -->
        <test-method status="PASS" signature="afterMethod()[pri:0, instance:apitestcases.ZzkgApiCases@59fa1d9b]" name="afterMethod" is-config="true" duration-ms="92" started-at="2017-12-25T17:53:44Z" finished-at="2017-12-25T17:53:44Z">
          <reporter-output>
          </reporter-output>
        </test-method> <!-- afterMethod -->
        <test-method status="PASS" signature="beforeMethod()[pri:0, instance:apitestcases.ZzkgApiCases@59fa1d9b]" name="beforeMethod" is-config="true" duration-ms="91" started-at="2017-12-25T17:53:44Z" finished-at="2017-12-25T17:53:44Z">
          <reporter-output>
          </reporter-output>
        </test-method> <!-- beforeMethod -->
        <test-method status="PASS" signature="addAddress(java.lang.String, java.lang.String)[pri:0, instance:apitestcases.ZzkgApiCases@59fa1d9b]" name="addAddress" duration-ms="108" started-at="2017-12-25T17:53:44Z" data-provider="address" finished-at="2017-12-25T17:53:44Z">
          <params>
            <param index="0">
              <value>
                <![CDATA[{"contact":"大爷133","phone":13314672775,"gender":1,"regionId":813395,"latitude":22.408965,"longitude":113.826119,"room1":"1123Az","village":"东角山","city1":"深圳","addressNaviId":18039,"building":"自动化测试楼栋C栋（勿删）","addressBuildingId":256}]]>
              </value>
            </param>
            <param index="1">
              <value>
                <![CDATA[成功]]>
              </value>
            </param>
          </params>
          <reporter-output>
          </reporter-output>
        </test-method> <!-- addAddress -->
        <test-method status="PASS" signature="afterMethod()[pri:0, instance:apitestcases.ZzkgApiCases@59fa1d9b]" name="afterMethod" is-config="true" duration-ms="91" started-at="2017-12-25T17:53:44Z" finished-at="2017-12-25T17:53:44Z">
          <reporter-output>
          </reporter-output>
        </test-method> <!-- afterMethod -->
        <test-method status="PASS" signature="beforeMethod()[pri:0, instance:apitestcases.ZzkgApiCases@59fa1d9b]" name="beforeMethod" is-config="true" duration-ms="300" started-at="2017-12-25T17:53:44Z" finished-at="2017-12-25T17:53:44Z">
          <reporter-output>
          </reporter-output>
        </test-method> <!-- beforeMethod -->
        <test-method status="PASS" signature="addAddress(java.lang.String, java.lang.String)[pri:0, instance:apitestcases.ZzkgApiCases@59fa1d9b]" name="addAddress" duration-ms="111" started-at="2017-12-25T17:53:44Z" data-provider="address" finished-at="2017-12-25T17:53:44Z">
          <params>
            <param index="0">
              <value>
                <![CDATA[{"contact":"大爷153","phone":15314672775,"gender":1,"regionId":813395,"latitude":22.408965,"longitude":113.826119,"room1":"1123Az","village":"东角山","city1":"深圳","addressNaviId":18039,"building":"自动化测试楼栋C栋（勿删）","addressBuildingId":256}]]>
              </value>
            </param>
            <param index="1">
              <value>
                <![CDATA[成功]]>
              </value>
            </param>
          </params>
          <reporter-output>
          </reporter-output>
        </test-method> <!-- addAddress -->
        <test-method status="PASS" signature="afterMethod()[pri:0, instance:apitestcases.ZzkgApiCases@59fa1d9b]" name="afterMethod" is-config="true" duration-ms="97" started-at="2017-12-25T17:53:44Z" finished-at="2017-12-25T17:53:45Z">
          <reporter-output>
          </reporter-output>
        </test-method> <!-- afterMethod -->
        <test-method status="PASS" signature="beforeMethod()[pri:0, instance:apitestcases.ZzkgApiCases@59fa1d9b]" name="beforeMethod" is-config="true" duration-ms="90" started-at="2017-12-25T17:53:45Z" finished-at="2017-12-25T17:53:45Z">
          <reporter-output>
          </reporter-output>
        </test-method> <!-- beforeMethod -->
        <test-method status="PASS" signature="addAddress(java.lang.String, java.lang.String)[pri:0, instance:apitestcases.ZzkgApiCases@59fa1d9b]" name="addAddress" duration-ms="144" started-at="2017-12-25T17:53:45Z" data-provider="address" finished-at="2017-12-25T17:53:45Z">
          <params>
            <param index="0">
              <value>
                <![CDATA[{"contact":"大爷180","phone":18014672775,"gender":1,"regionId":813395,"latitude":22.408965,"longitude":113.826119,"room1":"1123Az","village":"东角山","city1":"深圳","addressNaviId":18039,"building":"自动化测试楼栋C栋（勿删）","addressBuildingId":256}]]>
              </value>
            </param>
            <param index="1">
              <value>
                <![CDATA[成功]]>
              </value>
            </param>
          </params>
          <reporter-output>
          </reporter-output>
        </test-method> <!-- addAddress -->
        <test-method status="PASS" signature="afterMethod()[pri:0, instance:apitestcases.ZzkgApiCases@59fa1d9b]" name="afterMethod" is-config="true" duration-ms="91" started-at="2017-12-25T17:53:45Z" finished-at="2017-12-25T17:53:45Z">
          <reporter-output>
          </reporter-output>
        </test-method> <!-- afterMethod -->
        <test-method status="PASS" signature="beforeMethod()[pri:0, instance:apitestcases.ZzkgApiCases@59fa1d9b]" name="beforeMethod" is-config="true" duration-ms="89" started-at="2017-12-25T17:53:45Z" finished-at="2017-12-25T17:53:45Z">
          <reporter-output>
          </reporter-output>
        </test-method> <!-- beforeMethod -->
        <test-method status="PASS" signature="addAddress(java.lang.String, java.lang.String)[pri:0, instance:apitestcases.ZzkgApiCases@59fa1d9b]" name="addAddress" duration-ms="110" started-at="2017-12-25T17:53:45Z" data-provider="address" finished-at="2017-12-25T17:53:45Z">
          <params>
            <param index="0">
              <value>
                <![CDATA[{"contact":"大爷181","phone":18114672775,"gender":1,"regionId":813395,"latitude":22.408965,"longitude":113.826119,"room1":"1123Az","village":"东角山","city1":"深圳","addressNaviId":18039,"building":"自动化测试楼栋C栋（勿删）","addressBuildingId":256}]]>
              </value>
            </param>
            <param index="1">
              <value>
                <![CDATA[成功]]>
              </value>
            </param>
          </params>
          <reporter-output>
          </reporter-output>
        </test-method> <!-- addAddress -->
        <test-method status="PASS" signature="afterMethod()[pri:0, instance:apitestcases.ZzkgApiCases@59fa1d9b]" name="afterMethod" is-config="true" duration-ms="90" started-at="2017-12-25T17:53:45Z" finished-at="2017-12-25T17:53:45Z">
          <reporter-output>
          </reporter-output>
        </test-method> <!-- afterMethod -->
        <test-method status="PASS" signature="beforeMethod()[pri:0, instance:apitestcases.ZzkgApiCases@59fa1d9b]" name="beforeMethod" is-config="true" duration-ms="93" started-at="2017-12-25T17:53:45Z" finished-at="2017-12-25T17:53:45Z">
          <reporter-output>
          </reporter-output>
        </test-method> <!-- beforeMethod -->
        <test-method status="PASS" signature="addAddress(java.lang.String, java.lang.String)[pri:0, instance:apitestcases.ZzkgApiCases@59fa1d9b]" name="addAddress" duration-ms="128" started-at="2017-12-25T17:53:45Z" data-provider="address" finished-at="2017-12-25T17:53:45Z">
          <params>
            <param index="0">
              <value>
                <![CDATA[{"contact":"大爷189","phone":18914672775,"gender":1,"regionId":813395,"latitude":22.408965,"longitude":113.826119,"room1":"1123Az","village":"东角山","city1":"深圳","addressNaviId":18039,"building":"自动化测试楼栋C栋（勿删）","addressBuildingId":256}]]>
              </value>
            </param>
            <param index="1">
              <value>
                <![CDATA[成功]]>
              </value>
            </param>
          </params>
          <reporter-output>
          </reporter-output>
        </test-method> <!-- addAddress -->
        <test-method status="PASS" signature="afterMethod()[pri:0, instance:apitestcases.ZzkgApiCases@59fa1d9b]" name="afterMethod" is-config="true" duration-ms="98" started-at="2017-12-25T17:53:45Z" finished-at="2017-12-25T17:53:45Z">
          <reporter-output>
          </reporter-output>
        </test-method> <!-- afterMethod -->
        <test-method status="PASS" signature="beforeMethod()[pri:0, instance:apitestcases.ZzkgApiCases@59fa1d9b]" name="beforeMethod" is-config="true" duration-ms="88" started-at="2017-12-25T17:53:45Z" finished-at="2017-12-25T17:53:46Z">
          <reporter-output>
          </reporter-output>
        </test-method> <!-- beforeMethod -->
        <test-method status="PASS" signature="addAddress(java.lang.String, java.lang.String)[pri:0, instance:apitestcases.ZzkgApiCases@59fa1d9b]" name="addAddress" duration-ms="109" started-at="2017-12-25T17:53:46Z" data-provider="address" finished-at="2017-12-25T17:53:46Z">
          <params>
            <param index="0">
              <value>
                <![CDATA[{"contact":"大爷177","phone":17714672775,"gender":1,"regionId":813395,"latitude":22.408965,"longitude":113.826119,"room1":"1123Az","village":"东角山","city1":"深圳","addressNaviId":18039,"building":"自动化测试楼栋C栋（勿删）","addressBuildingId":256}]]>
              </value>
            </param>
            <param index="1">
              <value>
                <![CDATA[成功]]>
              </value>
            </param>
          </params>
          <reporter-output>
          </reporter-output>
        </test-method> <!-- addAddress -->
        <test-method status="PASS" signature="afterMethod()[pri:0, instance:apitestcases.ZzkgApiCases@59fa1d9b]" name="afterMethod" is-config="true" duration-ms="93" started-at="2017-12-25T17:53:46Z" finished-at="2017-12-25T17:53:46Z">
          <reporter-output>
          </reporter-output>
        </test-method> <!-- afterMethod -->
        <test-method status="PASS" signature="beforeMethod()[pri:0, instance:apitestcases.ZzkgApiCases@59fa1d9b]" name="beforeMethod" is-config="true" duration-ms="91" started-at="2017-12-25T17:53:46Z" finished-at="2017-12-25T17:53:46Z">
          <reporter-output>
          </reporter-output>
        </test-method> <!-- beforeMethod -->
        <test-method status="PASS" signature="addAddress(java.lang.String, java.lang.String)[pri:0, instance:apitestcases.ZzkgApiCases@59fa1d9b]" name="addAddress" duration-ms="113" started-at="2017-12-25T17:53:46Z" data-provider="address" finished-at="2017-12-25T17:53:46Z">
          <params>
            <param index="0">
              <value>
                <![CDATA[{"contact":"大爷173","phone":17314672775,"gender":1,"regionId":813395,"latitude":22.408965,"longitude":113.826119,"room1":"1123Az","village":"东角山","city1":"深圳","addressNaviId":18039,"building":"自动化测试楼栋C栋（勿删）","addressBuildingId":256}]]>
              </value>
            </param>
            <param index="1">
              <value>
                <![CDATA[成功]]>
              </value>
            </param>
          </params>
          <reporter-output>
          </reporter-output>
        </test-method> <!-- addAddress -->
        <test-method status="PASS" signature="afterMethod()[pri:0, instance:apitestcases.ZzkgApiCases@59fa1d9b]" name="afterMethod" is-config="true" duration-ms="90" started-at="2017-12-25T17:53:46Z" finished-at="2017-12-25T17:53:46Z">
          <reporter-output>
          </reporter-output>
        </test-method> <!-- afterMethod -->
        <test-method status="PASS" signature="beforeMethod()[pri:0, instance:apitestcases.ZzkgApiCases@59fa1d9b]" name="beforeMethod" is-config="true" duration-ms="92" started-at="2017-12-25T17:53:46Z" finished-at="2017-12-25T17:53:46Z">
          <reporter-output>
          </reporter-output>
        </test-method> <!-- beforeMethod -->
        <test-method status="PASS" signature="addAddress(java.lang.String, java.lang.String)[pri:0, instance:apitestcases.ZzkgApiCases@59fa1d9b]" name="addAddress" duration-ms="111" started-at="2017-12-25T17:53:46Z" data-provider="address" finished-at="2017-12-25T17:53:46Z">
          <params>
            <param index="0">
              <value>
                <![CDATA[{"contact":"大爷170","phone":17014672775,"gender":1,"regionId":813395,"latitude":22.408965,"longitude":113.826119,"room1":"1123Az","village":"东角山","city1":"深圳","addressNaviId":18039,"building":"自动化测试楼栋C栋（勿删）","addressBuildingId":256}]]>
              </value>
            </param>
            <param index="1">
              <value>
                <![CDATA[成功]]>
              </value>
            </param>
          </params>
          <reporter-output>
          </reporter-output>
        </test-method> <!-- addAddress -->
        <test-method status="PASS" signature="afterMethod()[pri:0, instance:apitestcases.ZzkgApiCases@59fa1d9b]" name="afterMethod" is-config="true" duration-ms="88" started-at="2017-12-25T17:53:46Z" finished-at="2017-12-25T17:53:46Z">
          <reporter-output>
          </reporter-output>
        </test-method> <!-- afterMethod -->
        <test-method status="PASS" signature="beforeMethod()[pri:0, instance:apitestcases.ZzkgApiCases@59fa1d9b]" name="beforeMethod" is-config="true" duration-ms="91" started-at="2017-12-25T17:53:46Z" finished-at="2017-12-25T17:53:46Z">
          <reporter-output>
          </reporter-output>
        </test-method> <!-- beforeMethod -->
        <test-method status="PASS" signature="addAddress(java.lang.String, java.lang.String)[pri:0, instance:apitestcases.ZzkgApiCases@59fa1d9b]" name="addAddress" duration-ms="111" started-at="2017-12-25T17:53:46Z" data-provider="address" finished-at="2017-12-25T17:53:47Z">
          <params>
            <param index="0">
              <value>
                <![CDATA[{"contact":"大爷171","phone":17114672775,"gender":1,"regionId":813395,"latitude":22.408965,"longitude":113.826119,"room1":"1123Az","village":"东角山","city1":"深圳","addressNaviId":18039,"building":"自动化测试楼栋C栋（勿删）","addressBuildingId":256}]]>
              </value>
            </param>
            <param index="1">
              <value>
                <![CDATA[成功]]>
              </value>
            </param>
          </params>
          <reporter-output>
          </reporter-output>
        </test-method> <!-- addAddress -->
        <test-method status="PASS" signature="afterMethod()[pri:0, instance:apitestcases.ZzkgApiCases@59fa1d9b]" name="afterMethod" is-config="true" duration-ms="90" started-at="2017-12-25T17:53:47Z" finished-at="2017-12-25T17:53:47Z">
          <reporter-output>
          </reporter-output>
        </test-method> <!-- afterMethod -->
        <test-method status="PASS" signature="beforeMethod()[pri:0, instance:apitestcases.ZzkgApiCases@59fa1d9b]" name="beforeMethod" is-config="true" duration-ms="292" started-at="2017-12-25T17:53:47Z" finished-at="2017-12-25T17:53:47Z">
          <reporter-output>
          </reporter-output>
        </test-method> <!-- beforeMethod -->
        <test-method status="PASS" signature="addAddress(java.lang.String, java.lang.String)[pri:0, instance:apitestcases.ZzkgApiCases@59fa1d9b]" name="addAddress" duration-ms="109" started-at="2017-12-25T17:53:47Z" data-provider="address" finished-at="2017-12-25T17:53:47Z">
          <params>
            <param index="0">
              <value>
                <![CDATA[{"contact":"大爷198","phone":19814672775,"gender":1,"regionId":813395,"latitude":22.408965,"longitude":113.826119,"room1":"1123Az","village":"东角山","city1":"深圳","addressNaviId":18039,"building":"自动化测试楼栋C栋（勿删）","addressBuildingId":256}]]>
              </value>
            </param>
            <param index="1">
              <value>
                <![CDATA[成功]]>
              </value>
            </param>
          </params>
          <reporter-output>
          </reporter-output>
        </test-method> <!-- addAddress -->
        <test-method status="PASS" signature="afterMethod()[pri:0, instance:apitestcases.ZzkgApiCases@59fa1d9b]" name="afterMethod" is-config="true" duration-ms="93" started-at="2017-12-25T17:53:47Z" finished-at="2017-12-25T17:53:47Z">
          <reporter-output>
          </reporter-output>
        </test-method> <!-- afterMethod -->
        <test-method status="PASS" signature="beforeMethod()[pri:0, instance:apitestcases.ZzkgApiCases@59fa1d9b]" name="beforeMethod" is-config="true" duration-ms="93" started-at="2017-12-25T17:53:47Z" finished-at="2017-12-25T17:53:47Z">
          <reporter-output>
          </reporter-output>
        </test-method> <!-- beforeMethod -->
        <test-method status="PASS" signature="addAddress(java.lang.String, java.lang.String)[pri:0, instance:apitestcases.ZzkgApiCases@59fa1d9b]" name="addAddress" duration-ms="114" started-at="2017-12-25T17:53:47Z" data-provider="address" finished-at="2017-12-25T17:53:47Z">
          <params>
            <param index="0">
              <value>
                <![CDATA[{"contact":"大爷199","phone":19914672775,"gender":1,"regionId":813395,"latitude":22.408965,"longitude":113.826119,"room1":"1123Az","village":"东角山","city1":"深圳","addressNaviId":18039,"building":"自动化测试楼栋C栋（勿删）","addressBuildingId":256}]]>
              </value>
            </param>
            <param index="1">
              <value>
                <![CDATA[成功]]>
              </value>
            </param>
          </params>
          <reporter-output>
          </reporter-output>
        </test-method> <!-- addAddress -->
        <test-method status="PASS" signature="afterMethod()[pri:0, instance:apitestcases.ZzkgApiCases@59fa1d9b]" name="afterMethod" is-config="true" duration-ms="99" started-at="2017-12-25T17:53:47Z" finished-at="2017-12-25T17:53:47Z">
          <reporter-output>
          </reporter-output>
        </test-method> <!-- afterMethod -->
        <test-method status="PASS" signature="beforeMethod()[pri:0, instance:apitestcases.ZzkgApiCases@59fa1d9b]" name="beforeMethod" is-config="true" duration-ms="88" started-at="2017-12-25T17:53:47Z" finished-at="2017-12-25T17:53:48Z">
          <reporter-output>
          </reporter-output>
        </test-method> <!-- beforeMethod -->
        <test-method status="PASS" signature="addAddress(java.lang.String, java.lang.String)[pri:0, instance:apitestcases.ZzkgApiCases@59fa1d9b]" name="addAddress" duration-ms="109" started-at="2017-12-25T17:53:48Z" data-provider="address" finished-at="2017-12-25T17:53:48Z">
          <params>
            <param index="0">
              <value>
                <![CDATA[{"contact":"大爷166","phone":16614672775,"gender":1,"regionId":813395,"latitude":22.408965,"longitude":113.826119,"room1":"1123Az","village":"东角山","city1":"深圳","addressNaviId":18039,"building":"自动化测试楼栋C栋（勿删）","addressBuildingId":256}]]>
              </value>
            </param>
            <param index="1">
              <value>
                <![CDATA[成功]]>
              </value>
            </param>
          </params>
          <reporter-output>
          </reporter-output>
        </test-method> <!-- addAddress -->
        <test-method status="PASS" signature="afterMethod()[pri:0, instance:apitestcases.ZzkgApiCases@59fa1d9b]" name="afterMethod" is-config="true" duration-ms="90" started-at="2017-12-25T17:53:48Z" finished-at="2017-12-25T17:53:48Z">
          <reporter-output>
          </reporter-output>
        </test-method> <!-- afterMethod -->
        <test-method status="PASS" signature="beforeMethod()[pri:0, instance:apitestcases.ZzkgApiCases@59fa1d9b]" name="beforeMethod" is-config="true" duration-ms="93" started-at="2017-12-25T17:53:48Z" finished-at="2017-12-25T17:53:48Z">
          <reporter-output>
          </reporter-output>
        </test-method> <!-- beforeMethod -->
        <test-method status="PASS" signature="addAddress(java.lang.String, java.lang.String)[pri:0, instance:apitestcases.ZzkgApiCases@59fa1d9b]" name="addAddress" duration-ms="109" started-at="2017-12-25T17:53:48Z" data-provider="address" finished-at="2017-12-25T17:53:48Z">
          <params>
            <param index="0">
              <value>
                <![CDATA[{"contact":"大爷146","phone":14614672775,"gender":1,"regionId":813395,"latitude":22.408965,"longitude":113.826119,"room1":"1123Az","village":"东角山","city1":"深圳","addressNaviId":18039,"building":"自动化测试楼栋C栋（勿删）","addressBuildingId":256}]]>
              </value>
            </param>
            <param index="1">
              <value>
                <![CDATA[成功]]>
              </value>
            </param>
          </params>
          <reporter-output>
          </reporter-output>
        </test-method> <!-- addAddress -->
        <test-method status="PASS" signature="afterMethod()[pri:0, instance:apitestcases.ZzkgApiCases@59fa1d9b]" name="afterMethod" is-config="true" duration-ms="94" started-at="2017-12-25T17:53:48Z" finished-at="2017-12-25T17:53:48Z">
          <reporter-output>
          </reporter-output>
        </test-method> <!-- afterMethod -->
        <test-method status="PASS" signature="beforeMethod()[pri:0, instance:apitestcases.ZzkgApiCases@59fa1d9b]" name="beforeMethod" is-config="true" duration-ms="90" started-at="2017-12-25T17:53:48Z" finished-at="2017-12-25T17:53:48Z">
          <reporter-output>
          </reporter-output>
        </test-method> <!-- beforeMethod -->
        <test-method status="PASS" signature="addAddress(java.lang.String, java.lang.String)[pri:0, instance:apitestcases.ZzkgApiCases@59fa1d9b]" name="addAddress" duration-ms="110" started-at="2017-12-25T17:53:48Z" data-provider="address" finished-at="2017-12-25T17:53:48Z">
          <params>
            <param index="0">
              <value>
                <![CDATA[{"contact":"大爷148","phone":14814672775,"gender":1,"regionId":813395,"latitude":22.408965,"longitude":113.826119,"room1":"1123Az","village":"东角山","city1":"深圳","addressNaviId":18039,"building":"自动化测试楼栋C栋（勿删）","addressBuildingId":256}]]>
              </value>
            </param>
            <param index="1">
              <value>
                <![CDATA[成功]]>
              </value>
            </param>
          </params>
          <reporter-output>
          </reporter-output>
        </test-method> <!-- addAddress -->
        <test-method status="PASS" signature="afterMethod()[pri:0, instance:apitestcases.ZzkgApiCases@59fa1d9b]" name="afterMethod" is-config="true" duration-ms="88" started-at="2017-12-25T17:53:48Z" finished-at="2017-12-25T17:53:48Z">
          <reporter-output>
          </reporter-output>
        </test-method> <!-- afterMethod -->
        <test-method status="PASS" signature="beforeMethod()[pri:0, instance:apitestcases.ZzkgApiCases@59fa1d9b]" name="beforeMethod" is-config="true" duration-ms="88" started-at="2017-12-25T17:53:48Z" finished-at="2017-12-25T17:53:48Z">
          <reporter-output>
          </reporter-output>
        </test-method> <!-- beforeMethod -->
        <test-method status="PASS" signature="addAddress(java.lang.String, java.lang.String)[pri:0, instance:apitestcases.ZzkgApiCases@59fa1d9b]" name="addAddress" duration-ms="83" started-at="2017-12-25T17:53:48Z" data-provider="address" finished-at="2017-12-25T17:53:48Z">
          <params>
            <param index="0">
              <value>
                <![CDATA[{"contact":"","phone":14814672775,"gender":1,"regionId":813395,"latitude":22.408965,"longitude":113.826119,"room1":"1123Az","village":"东角山","city1":"深圳","addressNaviId":18039,"building":"自动化测试楼栋C栋（勿删）","addressBuildingId":256}]]>
              </value>
            </param>
            <param index="1">
              <value>
                <![CDATA[联系人不能为空]]>
              </value>
            </param>
          </params>
          <reporter-output>
          </reporter-output>
        </test-method> <!-- addAddress -->
        <test-method status="PASS" signature="afterMethod()[pri:0, instance:apitestcases.ZzkgApiCases@59fa1d9b]" name="afterMethod" is-config="true" duration-ms="95" started-at="2017-12-25T17:53:48Z" finished-at="2017-12-25T17:53:49Z">
          <reporter-output>
          </reporter-output>
        </test-method> <!-- afterMethod -->
        <test-method status="PASS" signature="beforeMethod()[pri:0, instance:apitestcases.ZzkgApiCases@59fa1d9b]" name="beforeMethod" is-config="true" duration-ms="108" started-at="2017-12-25T17:53:49Z" finished-at="2017-12-25T17:53:49Z">
          <reporter-output>
          </reporter-output>
        </test-method> <!-- beforeMethod -->
        <test-method status="PASS" signature="addAddress(java.lang.String, java.lang.String)[pri:0, instance:apitestcases.ZzkgApiCases@59fa1d9b]" name="addAddress" duration-ms="81" started-at="2017-12-25T17:53:49Z" data-provider="address" finished-at="2017-12-25T17:53:49Z">
          <params>
            <param index="0">
              <value>
                <![CDATA[{"contact":"   ","phone":14814672775,"gender":1,"regionId":813395,"latitude":22.408965,"longitude":113.826119,"room1":"1123Az","village":"东角山","city1":"深圳","addressNaviId":18039,"building":"自动化测试楼栋C栋（勿删）","addressBuildingId":256}]]>
              </value>
            </param>
            <param index="1">
              <value>
                <![CDATA[联系人不能为空]]>
              </value>
            </param>
          </params>
          <reporter-output>
          </reporter-output>
        </test-method> <!-- addAddress -->
        <test-method status="PASS" signature="afterMethod()[pri:0, instance:apitestcases.ZzkgApiCases@59fa1d9b]" name="afterMethod" is-config="true" duration-ms="86" started-at="2017-12-25T17:53:49Z" finished-at="2017-12-25T17:53:49Z">
          <reporter-output>
          </reporter-output>
        </test-method> <!-- afterMethod -->
        <test-method status="PASS" signature="beforeMethod()[pri:0, instance:apitestcases.ZzkgApiCases@59fa1d9b]" name="beforeMethod" is-config="true" duration-ms="87" started-at="2017-12-25T17:53:49Z" finished-at="2017-12-25T17:53:49Z">
          <reporter-output>
          </reporter-output>
        </test-method> <!-- beforeMethod -->
        <test-method status="PASS" signature="addAddress(java.lang.String, java.lang.String)[pri:0, instance:apitestcases.ZzkgApiCases@59fa1d9b]" name="addAddress" duration-ms="84" started-at="2017-12-25T17:53:49Z" data-provider="address" finished-at="2017-12-25T17:53:49Z">
          <params>
            <param index="0">
              <value>
                <![CDATA[{"contact":"*？&%@","phone":13414672775,"gender":1,"regionId":813395,"latitude":22.408965,"longitude":113.826119,"room1":"1123Az","village":"东角山","city1":"深圳","addressNaviId":18039,"building":"自动化测试楼栋C栋（勿删）","addressBuildingId":256}]]>
              </value>
            </param>
            <param index="1">
              <value>
                <![CDATA[联系人只能由中文、字母或数字组成]]>
              </value>
            </param>
          </params>
          <reporter-output>
          </reporter-output>
        </test-method> <!-- addAddress -->
        <test-method status="PASS" signature="afterMethod()[pri:0, instance:apitestcases.ZzkgApiCases@59fa1d9b]" name="afterMethod" is-config="true" duration-ms="88" started-at="2017-12-25T17:53:49Z" finished-at="2017-12-25T17:53:49Z">
          <reporter-output>
          </reporter-output>
        </test-method> <!-- afterMethod -->
        <test-method status="PASS" signature="beforeMethod()[pri:0, instance:apitestcases.ZzkgApiCases@59fa1d9b]" name="beforeMethod" is-config="true" duration-ms="87" started-at="2017-12-25T17:53:49Z" finished-at="2017-12-25T17:53:49Z">
          <reporter-output>
          </reporter-output>
        </test-method> <!-- beforeMethod -->
        <test-method status="PASS" signature="addAddress(java.lang.String, java.lang.String)[pri:0, instance:apitestcases.ZzkgApiCases@59fa1d9b]" name="addAddress" duration-ms="84" started-at="2017-12-25T17:53:49Z" data-provider="address" finished-at="2017-12-25T17:53:49Z">
          <params>
            <param index="0">
              <value>
                <![CDATA[{"contact":"壹贰叁肆伍陆柒","phone":13414672775,"gender":1,"regionId":813395,"latitude":22.408965,"longitude":113.826119,"room1":"1123Az","village":"东角山","city1":"深圳","addressNaviId":18039,"building":"自动化测试楼栋C栋（勿删）","addressBuildingId":256}]]>
              </value>
            </param>
            <param index="1">
              <value>
                <![CDATA[联系人字数太多]]>
              </value>
            </param>
          </params>
          <reporter-output>
          </reporter-output>
        </test-method> <!-- addAddress -->
        <test-method status="PASS" signature="afterMethod()[pri:0, instance:apitestcases.ZzkgApiCases@59fa1d9b]" name="afterMethod" is-config="true" duration-ms="94" started-at="2017-12-25T17:53:49Z" finished-at="2017-12-25T17:53:49Z">
          <reporter-output>
          </reporter-output>
        </test-method> <!-- afterMethod -->
        <test-method status="PASS" signature="beforeMethod()[pri:0, instance:apitestcases.ZzkgApiCases@59fa1d9b]" name="beforeMethod" is-config="true" duration-ms="91" started-at="2017-12-25T17:53:49Z" finished-at="2017-12-25T17:53:49Z">
          <reporter-output>
          </reporter-output>
        </test-method> <!-- beforeMethod -->
        <test-method status="PASS" signature="addAddress(java.lang.String, java.lang.String)[pri:0, instance:apitestcases.ZzkgApiCases@59fa1d9b]" name="addAddress" duration-ms="85" started-at="2017-12-25T17:53:49Z" data-provider="address" finished-at="2017-12-25T17:53:50Z">
          <params>
            <param index="0">
              <value>
                <![CDATA[{"contact":"aaaaaaaaaa19","phone":13414672775,"gender":1,"regionId":813395,"latitude":22.408965,"longitude":113.826119,"room1":"1123Az","village":"东角山","city1":"深圳","addressNaviId":18039,"building":"自动化测试楼栋C栋（勿删）","addressBuildingId":256}]]>
              </value>
            </param>
            <param index="1">
              <value>
                <![CDATA[联系人字数太多]]>
              </value>
            </param>
          </params>
          <reporter-output>
          </reporter-output>
        </test-method> <!-- addAddress -->
        <test-method status="PASS" signature="afterMethod()[pri:0, instance:apitestcases.ZzkgApiCases@59fa1d9b]" name="afterMethod" is-config="true" duration-ms="89" started-at="2017-12-25T17:53:50Z" finished-at="2017-12-25T17:53:50Z">
          <reporter-output>
          </reporter-output>
        </test-method> <!-- afterMethod -->
        <test-method status="PASS" signature="beforeMethod()[pri:0, instance:apitestcases.ZzkgApiCases@59fa1d9b]" name="beforeMethod" is-config="true" duration-ms="86" started-at="2017-12-25T17:53:50Z" finished-at="2017-12-25T17:53:50Z">
          <reporter-output>
          </reporter-output>
        </test-method> <!-- beforeMethod -->
        <test-method status="PASS" signature="addAddress(java.lang.String, java.lang.String)[pri:0, instance:apitestcases.ZzkgApiCases@59fa1d9b]" name="addAddress" duration-ms="107" started-at="2017-12-25T17:53:50Z" data-provider="address" finished-at="2017-12-25T17:53:50Z">
          <params>
            <param index="0">
              <value>
                <![CDATA[{"contact":"大爷","phone":13414672775,"gender":0,"regionId":813395,"latitude":22.408965,"longitude":113.826119,"room1":"1123Az","village":"东角山","city1":"深圳","addressNaviId":18039,"building":"自动化测试楼栋C栋（勿删）","addressBuildingId":256}]]>
              </value>
            </param>
            <param index="1">
              <value>
                <![CDATA[成功]]>
              </value>
            </param>
          </params>
          <reporter-output>
          </reporter-output>
        </test-method> <!-- addAddress -->
        <test-method status="PASS" signature="afterMethod()[pri:0, instance:apitestcases.ZzkgApiCases@59fa1d9b]" name="afterMethod" is-config="true" duration-ms="1160" started-at="2017-12-25T17:53:50Z" finished-at="2017-12-25T17:53:51Z">
          <reporter-output>
          </reporter-output>
        </test-method> <!-- afterMethod -->
        <test-method status="PASS" signature="beforeMethod()[pri:0, instance:apitestcases.ZzkgApiCases@59fa1d9b]" name="beforeMethod" is-config="true" duration-ms="108" started-at="2017-12-25T17:53:51Z" finished-at="2017-12-25T17:53:51Z">
          <reporter-output>
          </reporter-output>
        </test-method> <!-- beforeMethod -->
        <test-method status="PASS" signature="addAddress(java.lang.String, java.lang.String)[pri:0, instance:apitestcases.ZzkgApiCases@59fa1d9b]" name="addAddress" duration-ms="128" started-at="2017-12-25T17:53:51Z" data-provider="address" finished-at="2017-12-25T17:53:51Z">
          <params>
            <param index="0">
              <value>
                <![CDATA[{"contact":"大爷","phone":13414672775,"gender":1,"regionId":813395,"latitude":22.408965,"longitude":113.826119,"room1":"1123Az","village":"东角山","city1":"深圳","addressNaviId":18039,"building":"自动化测试楼栋C栋（勿删）","addressBuildingId":256}]]>
              </value>
            </param>
            <param index="1">
              <value>
                <![CDATA[成功]]>
              </value>
            </param>
          </params>
          <reporter-output>
          </reporter-output>
        </test-method> <!-- addAddress -->
        <test-method status="PASS" signature="afterMethod()[pri:0, instance:apitestcases.ZzkgApiCases@59fa1d9b]" name="afterMethod" is-config="true" duration-ms="100" started-at="2017-12-25T17:53:51Z" finished-at="2017-12-25T17:53:51Z">
          <reporter-output>
          </reporter-output>
        </test-method> <!-- afterMethod -->
[...]
              </value>
            </param>
            <param index="1">
              <value>
                <![CDATA[成功]]>
              </value>
            </param>
          </params>
          <reporter-output>
          </reporter-output>
        </test-method> <!-- addAddress -->
        <test-method status="PASS" signature="afterMethod()[pri:0, instance:apitestcases.ZzkgApiCases@59fa1d9b]" name="afterMethod" is-config="true" duration-ms="301" started-at="2017-12-25T17:53:58Z" finished-at="2017-12-25T17:53:59Z">
          <reporter-output>
          </reporter-output>
        </test-method> <!-- afterMethod -->
        <test-method status="PASS" signature="beforeMethod()[pri:0, instance:apitestcases.ZzkgApiCases@59fa1d9b]" name="beforeMethod" is-config="true" duration-ms="91" started-at="2017-12-25T17:53:59Z" finished-at="2017-12-25T17:53:59Z">
          <reporter-output>
          </reporter-output>
        </test-method> <!-- beforeMethod -->
        <test-method status="PASS" signature="addAddress(java.lang.String, java.lang.String)[pri:0, instance:apitestcases.ZzkgApiCases@59fa1d9b]" name="addAddress" duration-ms="125" started-at="2017-12-25T17:53:59Z" data-provider="address" finished-at="2017-12-25T17:53:59Z">
          <params>
            <param index="0">
              <value>
                <![CDATA[{"contact":"大爷","phone":13414672775,"gender":1,"regionId":813395,"latitude":22.408965,"longitude":113.826119,"room1":"903A","village":"东角山","city1":"深圳","addressNaviId":18039,"building":"自动化测试楼栋C栋（勿删）","addressBuildingId":256}]]>
              </value>
            </param>
            <param index="1">
              <value>
                <![CDATA[成功]]>
              </value>
            </param>
          </params>
          <reporter-output>
          </reporter-output>
        </test-method> <!-- addAddress -->
        <test-method status="PASS" signature="afterMethod()[pri:0, instance:apitestcases.ZzkgApiCases@59fa1d9b]" name="afterMethod" is-config="true" duration-ms="111" started-at="2017-12-25T17:53:59Z" finished-at="2017-12-25T17:53:59Z">
          <reporter-output>
          </reporter-output>
        </test-method> <!-- afterMethod -->
        <test-method status="PASS" signature="beforeMethod()[pri:0, instance:apitestcases.ZzkgApiCases@59fa1d9b]" name="beforeMethod" is-config="true" duration-ms="100" started-at="2017-12-25T17:53:59Z" finished-at="2017-12-25T17:53:59Z">
          <reporter-output>
          </reporter-output>
        </test-method> <!-- beforeMethod -->
        <test-method status="PASS" signature="addAddress(java.lang.String, java.lang.String)[pri:0, instance:apitestcases.ZzkgApiCases@59fa1d9b]" name="addAddress" duration-ms="109" started-at="2017-12-25T17:53:59Z" data-provider="address" finished-at="2017-12-25T17:53:59Z">
          <params>
            <param index="0">
              <value>
                <![CDATA[{"contact":"大爷","phone":13414672775,"gender":1,"regionId":813395,"latitude":22.408965,"longitude":113.826119,"room1":"903a","village":"东角山","city1":"深圳","addressNaviId":18039,"building":"自动化测试楼栋C栋（勿删）","addressBuildingId":256}]]>
              </value>
            </param>
            <param index="1">
              <value>
                <![CDATA[成功]]>
              </value>
            </param>
          </params>
          <reporter-output>
          </reporter-output>
        </test-method> <!-- addAddress -->
        <test-method status="PASS" signature="afterMethod()[pri:0, instance:apitestcases.ZzkgApiCases@59fa1d9b]" name="afterMethod" is-config="true" duration-ms="87" started-at="2017-12-25T17:53:59Z" finished-at="2017-12-25T17:53:59Z">
          <reporter-output>
          </reporter-output>
        </test-method> <!-- afterMethod -->
        <test-method status="PASS" signature="beforeMethod()[pri:0, instance:apitestcases.ZzkgApiCases@59fa1d9b]" name="beforeMethod" is-config="true" duration-ms="91" started-at="2017-12-25T17:53:59Z" finished-at="2017-12-25T17:54:00Z">
          <reporter-output>
          </reporter-output>
        </test-method> <!-- beforeMethod -->
        <test-method status="PASS" signature="addAddress(java.lang.String, java.lang.String)[pri:0, instance:apitestcases.ZzkgApiCases@59fa1d9b]" name="addAddress" duration-ms="311" started-at="2017-12-25T17:54:00Z" data-provider="address" finished-at="2017-12-25T17:54:00Z">
          <params>
            <param index="0">
              <value>
                <![CDATA[{"contact":"大爷","phone":13414672775,"gender":1,"regionId":813395,"latitude":22.408965,"longitude":113.826119,"room1":"","village":"东角山","city1":"深圳","addressNaviId":18039,"building":"自动化测试楼栋C栋（勿删）","addressBuildingId":256}]]>
              </value>
            </param>
            <param index="1">
              <value>
                <![CDATA[请填写单元和门牌]]>
              </value>
            </param>
          </params>
          <reporter-output>
          </reporter-output>
        </test-method> <!-- addAddress -->
        <test-method status="PASS" signature="afterMethod()[pri:0, instance:apitestcases.ZzkgApiCases@59fa1d9b]" name="afterMethod" is-config="true" duration-ms="108" started-at="2017-12-25T17:54:00Z" finished-at="2017-12-25T17:54:00Z">
          <reporter-output>
          </reporter-output>
        </test-method> <!-- afterMethod -->
        <test-method status="PASS" signature="beforeMethod()[pri:0, instance:apitestcases.ZzkgApiCases@59fa1d9b]" name="beforeMethod" is-config="true" duration-ms="90" started-at="2017-12-25T17:54:00Z" finished-at="2017-12-25T17:54:00Z">
          <reporter-output>
          </reporter-output>
        </test-method> <!-- beforeMethod -->
        <test-method status="PASS" signature="addAddress(java.lang.String, java.lang.String)[pri:0, instance:apitestcases.ZzkgApiCases@59fa1d9b]" name="addAddress" duration-ms="81" started-at="2017-12-25T17:54:00Z" data-provider="address" finished-at="2017-12-25T17:54:00Z">
          <params>
            <param index="0">
              <value>
                <![CDATA[{"contact":"大爷","phone":13414672775,"gender":1,"regionId":813395,"latitude":22.408965,"longitude":113.826119,"room1":"   ","village":"东角山","city1":"深圳","addressNaviId":18039,"building":"自动化测试楼栋C栋（勿删）","addressBuildingId":256}]]>
              </value>
            </param>
            <param index="1">
              <value>
                <![CDATA[请填写单元和门牌]]>
              </value>
            </param>
          </params>
          <reporter-output>
          </reporter-output>
        </test-method> <!-- addAddress -->
        <test-method status="PASS" signature="afterMethod()[pri:0, instance:apitestcases.ZzkgApiCases@59fa1d9b]" name="afterMethod" is-config="true" duration-ms="89" started-at="2017-12-25T17:54:00Z" finished-at="2017-12-25T17:54:00Z">
          <reporter-output>
          </reporter-output>
        </test-method> <!-- afterMethod -->
        <test-method status="PASS" signature="beforeMethod()[pri:0, instance:apitestcases.ZzkgApiCases@59fa1d9b]" name="beforeMethod" is-config="true" duration-ms="91" started-at="2017-12-25T17:54:00Z" finished-at="2017-12-25T17:54:00Z">
          <reporter-output>
          </reporter-output>
        </test-method> <!-- beforeMethod -->
        <test-method status="PASS" signature="addAddress(java.lang.String, java.lang.String)[pri:0, instance:apitestcases.ZzkgApiCases@59fa1d9b]" name="addAddress" duration-ms="108" started-at="2017-12-25T17:54:00Z" data-provider="address" finished-at="2017-12-25T17:54:00Z">
          <params>
            <param index="0">
              <value>
                <![CDATA[{"contact":"大爷","phone":13414672775,"gender":1,"regionId":813395,"latitude":22.408965,"longitude":113.826119,"room1":"12 34","village":"东角山","city1":"深圳","addressNaviId":18039,"building":"自动化测试楼栋C栋（勿删）","addressBuildingId":256}]]>
              </value>
            </param>
            <param index="1">
              <value>
                <![CDATA[成功]]>
              </value>
            </param>
          </params>
          <reporter-output>
          </reporter-output>
        </test-method> <!-- addAddress -->
        <test-method status="PASS" signature="afterMethod()[pri:0, instance:apitestcases.ZzkgApiCases@59fa1d9b]" name="afterMethod" is-config="true" duration-ms="103" started-at="2017-12-25T17:54:00Z" finished-at="2017-12-25T17:54:00Z">
          <reporter-output>
          </reporter-output>
        </test-method> <!-- afterMethod -->
        <test-method status="PASS" signature="beforeMethod()[pri:0, instance:apitestcases.ZzkgApiCases@59fa1d9b]" name="beforeMethod" is-config="true" duration-ms="92" started-at="2017-12-25T17:54:00Z" finished-at="2017-12-25T17:54:01Z">
          <reporter-output>
          </reporter-output>
        </test-method> <!-- beforeMethod -->
        <test-method status="PASS" signature="addAddress(java.lang.String, java.lang.String)[pri:0, instance:apitestcases.ZzkgApiCases@59fa1d9b]" name="addAddress" duration-ms="112" started-at="2017-12-25T17:54:01Z" data-provider="address" finished-at="2017-12-25T17:54:01Z">
          <params>
            <param index="0">
              <value>
                <![CDATA[{"contact":"大爷","phone":13414672775,"gender":1,"regionId":813395,"latitude":22.408965,"longitude":113.826119,"room1":"AB CD","village":"东角山","city1":"深圳","addressNaviId":18039,"building":"自动化测试楼栋C栋（勿删）","addressBuildingId":256}]]>
              </value>
            </param>
            <param index="1">
              <value>
                <![CDATA[成功]]>
              </value>
            </param>
          </params>
          <reporter-output>
          </reporter-output>
        </test-method> <!-- addAddress -->
        <test-method status="PASS" signature="afterMethod()[pri:0, instance:apitestcases.ZzkgApiCases@59fa1d9b]" name="afterMethod" is-config="true" duration-ms="110" started-at="2017-12-25T17:54:01Z" finished-at="2017-12-25T17:54:01Z">
          <reporter-output>
          </reporter-output>
        </test-method> <!-- afterMethod -->
        <test-method status="PASS" signature="beforeMethod()[pri:0, instance:apitestcases.ZzkgApiCases@59fa1d9b]" name="beforeMethod" is-config="true" duration-ms="96" started-at="2017-12-25T17:54:01Z" finished-at="2017-12-25T17:54:01Z">
          <reporter-output>
          </reporter-output>
        </test-method> <!-- beforeMethod -->
        <test-method status="PASS" signature="addAddress(java.lang.String, java.lang.String)[pri:0, instance:apitestcases.ZzkgApiCases@59fa1d9b]" name="addAddress" duration-ms="113" started-at="2017-12-25T17:54:01Z" data-provider="address" finished-at="2017-12-25T17:54:01Z">
          <params>
            <param index="0">
              <value>
                <![CDATA[{"contact":"大爷","phone":13414672775,"gender":1,"regionId":813395,"latitude":22.408965,"longitude":113.826119,"room1":"12.34","village":"东角山","city1":"深圳","addressNaviId":18039,"building":"自动化测试楼栋C栋（勿删）","addressBuildingId":256}]]>
              </value>
            </param>
            <param index="1">
              <value>
                <![CDATA[成功]]>
              </value>
            </param>
          </params>
          <reporter-output>
          </reporter-output>
        </test-method> <!-- addAddress -->
        <test-method status="PASS" signature="afterMethod()[pri:0, instance:apitestcases.ZzkgApiCases@59fa1d9b]" name="afterMethod" is-config="true" duration-ms="95" started-at="2017-12-25T17:54:01Z" finished-at="2017-12-25T17:54:01Z">
          <reporter-output>
          </reporter-output>
        </test-method> <!-- afterMethod -->
        <test-method status="PASS" signature="beforeMethod()[pri:0, instance:apitestcases.ZzkgApiCases@59fa1d9b]" name="beforeMethod" is-config="true" duration-ms="93" started-at="2017-12-25T17:54:01Z" finished-at="2017-12-25T17:54:01Z">
          <reporter-output>
          </reporter-output>
        </test-method> <!-- beforeMethod -->
        <test-method status="PASS" signature="addAddress(java.lang.String, java.lang.String)[pri:0, instance:apitestcases.ZzkgApiCases@59fa1d9b]" name="addAddress" duration-ms="117" started-at="2017-12-25T17:54:01Z" data-provider="address" finished-at="2017-12-25T17:54:01Z">
          <params>
            <param index="0">
              <value>
                <![CDATA[{"contact":"大爷","phone":13414672775,"gender":1,"regionId":813395,"latitude":22.408965,"longitude":113.826119,"room1":"ab.cd","village":"东角山","city1":"深圳","addressNaviId":18039,"building":"自动化测试楼栋C栋（勿删）","addressBuildingId":256}]]>
              </value>
            </param>
            <param index="1">
              <value>
                <![CDATA[成功]]>
              </value>
            </param>
          </params>
          <reporter-output>
          </reporter-output>
        </test-method> <!-- addAddress -->
        <test-method status="PASS" signature="afterMethod()[pri:0, instance:apitestcases.ZzkgApiCases@59fa1d9b]" name="afterMethod" is-config="true" duration-ms="106" started-at="2017-12-25T17:54:01Z" finished-at="2017-12-25T17:54:01Z">
          <reporter-output>
          </reporter-output>
        </test-method> <!-- afterMethod -->
        <test-method status="PASS" signature="beforeMethod()[pri:0, instance:apitestcases.ZzkgApiCases@59fa1d9b]" name="beforeMethod" is-config="true" duration-ms="92" started-at="2017-12-25T17:54:01Z" finished-at="2017-12-25T17:54:02Z">
          <reporter-output>
          </reporter-output>
        </test-method> <!-- beforeMethod -->
        <test-method status="PASS" signature="addAddress(java.lang.String, java.lang.String)[pri:0, instance:apitestcases.ZzkgApiCases@59fa1d9b]" name="addAddress" duration-ms="134" started-at="2017-12-25T17:54:02Z" data-provider="address" finished-at="2017-12-25T17:54:02Z">
          <params>
            <param index="0">
              <value>
                <![CDATA[{"contact":"大爷","phone":13414672775,"gender":1,"regionId":813395,"latitude":22.408965,"longitude":113.826119,"room1":"AB@CD","village":"东角山","city1":"深圳","addressNaviId":18039,"building":"自动化测试楼栋C栋（勿删）","addressBuildingId":256}]]>
              </value>
            </param>
            <param index="1">
              <value>
                <![CDATA[成功]]>
              </value>
            </param>
          </params>
          <reporter-output>
          </reporter-output>
        </test-method> <!-- addAddress -->
        <test-method status="PASS" signature="afterMethod()[pri:0, instance:apitestcases.ZzkgApiCases@59fa1d9b]" name="afterMethod" is-config="true" duration-ms="109" started-at="2017-12-25T17:54:02Z" finished-at="2017-12-25T17:54:02Z">
          <reporter-output>
          </reporter-output>
        </test-method> <!-- afterMethod -->
        <test-method status="PASS" signature="beforeMethod()[pri:0, instance:apitestcases.ZzkgApiCases@59fa1d9b]" name="beforeMethod" is-config="true" duration-ms="91" started-at="2017-12-25T17:54:02Z" finished-at="2017-12-25T17:54:02Z">
          <reporter-output>
          </reporter-output>
        </test-method> <!-- beforeMethod -->
        <test-method status="PASS" signature="addAddress(java.lang.String, java.lang.String)[pri:0, instance:apitestcases.ZzkgApiCases@59fa1d9b]" name="addAddress" duration-ms="113" started-at="2017-12-25T17:54:02Z" data-provider="address" finished-at="2017-12-25T17:54:02Z">
          <params>
            <param index="0">
              <value>
                <![CDATA[{"contact":"大爷","phone":13414672775,"gender":1,"regionId":813395,"latitude":22.408965,"longitude":113.826119,"room1":"12+34","village":"东角山","city1":"深圳","addressNaviId":18039,"building":"自动化测试楼栋C栋（勿删）","addressBuildingId":256}]]>
              </value>
            </param>
            <param index="1">
              <value>
                <![CDATA[成功]]>
              </value>
            </param>
          </params>
          <reporter-output>
          </reporter-output>
        </test-method> <!-- addAddress -->
        <test-method status="PASS" signature="afterMethod()[pri:0, instance:apitestcases.ZzkgApiCases@59fa1d9b]" name="afterMethod" is-config="true" duration-ms="93" started-at="2017-12-25T17:54:02Z" finished-at="2017-12-25T17:54:02Z">
          <reporter-output>
          </reporter-output>
        </test-method> <!-- afterMethod -->
        <test-method status="PASS" signature="beforeMethod()[pri:0, instance:apitestcases.ZzkgApiCases@59fa1d9b]" name="beforeMethod" is-config="true" duration-ms="89" started-at="2017-12-25T17:54:02Z" finished-at="2017-12-25T17:54:02Z">
          <reporter-output>
          </reporter-output>
        </test-method> <!-- beforeMethod -->
        <test-method status="PASS" signature="addAddress(java.lang.String, java.lang.String)[pri:0, instance:apitestcases.ZzkgApiCases@59fa1d9b]" name="addAddress" duration-ms="111" started-at="2017-12-25T17:54:02Z" data-provider="address" finished-at="2017-12-25T17:54:02Z">
          <params>
            <param index="0">
              <value>
                <![CDATA[{"contact":"大爷","phone":13414672775,"gender":1,"regionId":813395,"latitude":22.408965,"longitude":113.826119,"room1":"12*34","village":"东角山","city1":"深圳","addressNaviId":18039,"building":"自动化测试楼栋C栋（勿删）","addressBuildingId":256}]]>
              </value>
            </param>
            <param index="1">
              <value>
                <![CDATA[成功]]>
              </value>
            </param>
          </params>
          <reporter-output>
          </reporter-output>
        </test-method> <!-- addAddress -->
        <test-method status="PASS" signature="afterMethod()[pri:0, instance:apitestcases.ZzkgApiCases@59fa1d9b]" name="afterMethod" is-config="true" duration-ms="90" started-at="2017-12-25T17:54:02Z" finished-at="2017-12-25T17:54:02Z">
          <reporter-output>
          </reporter-output>
        </test-method> <!-- afterMethod -->
        <test-method status="PASS" signature="beforeMethod()[pri:0, instance:apitestcases.ZzkgApiCases@59fa1d9b]" name="beforeMethod" is-config="true" duration-ms="88" started-at="2017-12-25T17:54:02Z" finished-at="2017-12-25T17:54:02Z">
          <reporter-output>
          </reporter-output>
        </test-method> <!-- beforeMethod -->
        <test-method status="PASS" signature="addAddress(java.lang.String, java.lang.String)[pri:0, instance:apitestcases.ZzkgApiCases@59fa1d9b]" name="addAddress" duration-ms="110" started-at="2017-12-25T17:54:02Z" data-provider="address" finished-at="2017-12-25T17:54:03Z">
          <params>
            <param index="0">
              <value>
                <![CDATA[{"contact":"大爷","phone":13414672775,"gender":1,"regionId":813395,"latitude":22.408965,"longitude":113.826119,"room1":"12345678910","village":"东角山","city1":"深圳","addressNaviId":18039,"building":"自动化测试楼栋C栋（勿删）","addressBuildingId":256}]]>
              </value>
            </param>
            <param index="1">
              <value>
                <![CDATA[成功]]>
              </value>
            </param>
          </params>
          <reporter-output>
          </reporter-output>
        </test-method> <!-- addAddress -->
        <test-method status="PASS" signature="afterMethod()[pri:0, instance:apitestcases.ZzkgApiCases@59fa1d9b]" name="afterMethod" is-config="true" duration-ms="108" started-at="2017-12-25T17:54:03Z" finished-at="2017-12-25T17:54:03Z">
          <reporter-output>
          </reporter-output>
        </test-method> <!-- afterMethod -->
        <test-method status="PASS" signature="afterClass()[pri:0, instance:apitestcases.ZzkgApiCases@59fa1d9b]" name="afterClass" is-config="true" duration-ms="6909" started-at="2017-12-25T17:54:03Z" finished-at="2017-12-25T17:54:10Z">
          <reporter-output>
          </reporter-output>
        </test-method> <!-- afterClass -->
      </class> <!-- apitestcases.ZzkgApiCases -->
    </test> <!-- Default test -->
  </suite> <!-- Default suite -->
</testng-results>
