<?xml version="1.0" encoding="UTF-8"?>
<!-- Generated by org.testng.reporters.JUnitXMLReporter -->
<testsuite hostname="DESKTOP-MB16O9P" ignored="1" name="Default test" tests="79" failures="1" timestamp="25 十二月 2017 09:54:10 GMT" time="40.018" errors="0">
  <testcase name="addAddress" time="0.252" classname="apitestcases.ZzkgApiCases"/>
  <testcase name="addAddress" time="0.164" classname="apitestcases.ZzkgApiCases"/>
  <testcase name="addAddress" time="0.164" classname="apitestcases.ZzkgApiCases"/>
  <testcase name="addAddress" time="0.141" classname="apitestcases.ZzkgApiCases"/>
  <testcase name="addAddress" time="0.154" classname="apitestcases.ZzkgApiCases"/>
  <testcase name="addAddress" time="0.13" classname="apitestcases.ZzkgApiCases"/>
  <testcase name="addAddress" time="0.127" classname="apitestcases.ZzkgApiCases"/>
  <testcase name="addAddress" time="0.122" classname="apitestcases.ZzkgApiCases"/>
  <testcase name="addAddress" time="0.141" classname="apitestcases.ZzkgApiCases"/>
  <testcase name="addAddress" time="0.12" classname="apitestcases.ZzkgApiCases"/>
  <testcase name="addAddress" time="0.124" classname="apitestcases.ZzkgApiCases"/>
  <testcase name="addAddress" time="0.13" classname="apitestcases.ZzkgApiCases"/>
  <testcase name="addAddress" time="0.12" classname="apitestcases.ZzkgApiCases"/>
  <testcase name="addAddress" time="0.127" classname="apitestcases.ZzkgApiCases"/>
  <testcase name="addAddress" time="0.14" classname="apitestcases.ZzkgApiCases"/>
  <testcase name="addAddress" time="0.134" classname="apitestcases.ZzkgApiCases"/>
  <testcase name="addAddress" time="0.122" classname="apitestcases.ZzkgApiCases"/>
  <testcase name="addAddress" time="0.179" classname="apitestcases.ZzkgApiCases"/>
  <testcase name="addAddress" time="0.321" classname="apitestcases.ZzkgApiCases"/>
  <testcase name="addAddress" time="0.118" classname="apitestcases.ZzkgApiCases"/>
  <testcase name="addAddress" time="0.128" classname="apitestcases.ZzkgApiCases"/>
  <testcase name="addAddress" time="0.119" classname="apitestcases.ZzkgApiCases"/>
  <testcase name="addAddress" time="0.114" classname="apitestcases.ZzkgApiCases"/>
  <testcase name="addAddress" time="0.126" classname="apitestcases.ZzkgApiCases"/>
  <testcase name="addAddress" time="0.114" classname="apitestcases.ZzkgApiCases"/>
  <testcase name="addAddress" time="0.11" classname="apitestcases.ZzkgApiCases"/>
  <testcase name="addAddress" time="0.114" classname="apitestcases.ZzkgApiCases"/>
  <testcase name="addAddress" time="0.113" classname="apitestcases.ZzkgApiCases"/>
  <testcase name="addAddress" time="0.115" classname="apitestcases.ZzkgApiCases"/>
  <testcase name="addAddress" time="0.108" classname="apitestcases.ZzkgApiCases"/>
  <testcase name="addAddress" time="0.111" classname="apitestcases.ZzkgApiCases"/>
  <testcase name="addAddress" time="0.144" classname="apitestcases.ZzkgApiCases"/>
  <testcase name="addAddress" time="0.11" classname="apitestcases.ZzkgApiCases"/>
  <testcase name="addAddress" time="0.128" classname="apitestcases.ZzkgApiCases"/>
  <testcase name="addAddress" time="0.109" classname="apitestcases.ZzkgApiCases"/>
  <testcase name="addAddress" time="0.113" classname="apitestcases.ZzkgApiCases"/>
  <testcase name="addAddress" time="0.111" classname="apitestcases.ZzkgApiCases"/>
  <testcase name="addAddress" time="0.111" classname="apitestcases.ZzkgApiCases"/>
  <testcase name="addAddress" time="0.109" classname="apitestcases.ZzkgApiCases"/>
  <testcase name="addAddress" time="0.114" classname="apitestcases.ZzkgApiCases"/>
  <testcase name="addAddress" time="0.109" classname="apitestcases.ZzkgApiCases"/>
  <testcase name="addAddress" time="0.109" classname="apitestcases.ZzkgApiCases"/>
  <testcase name="addAddress" time="0.11" classname="apitestcases.ZzkgApiCases"/>
  <testcase name="addAddress" time="0.083" classname="apitestcases.ZzkgApiCases"/>
  <testcase name="addAddress" time="0.081" classname="apitestcases.ZzkgApiCases"/>
  <testcase name="addAddress" time="0.084" classname="apitestcases.ZzkgApiCases"/>
  <testcase name="addAddress" time="0.084" classname="apitestcases.ZzkgApiCases"/>
  <testcase name="addAddress" time="0.085" classname="apitestcases.ZzkgApiCases"/>
  <testcase name="addAddress" time="0.107" classname="apitestcases.ZzkgApiCases"/>
  <testcase name="addAddress" time="0.128" classname="apitestcases.ZzkgApiCases"/>
  <testcase name="addAddress" time="1.381" classname="apitestcases.ZzkgApiCases">
    <failure type="java.lang.AssertionError" message="1 expectation failed.
JSON path msg doesn&amp;apos;t match.
Expected: 成功
  Actual: 服务器出了点小问题，请稍候重试
">
      <![CDATA[java.lang.AssertionError: 1 expectation failed.
JSON path msg doesn't match.
Expected: 成功
  Actual: 服务器出了点小问题，请稍候重试

	at sun.reflect.NativeConstructorAccessorImpl.newInstance0(Native Method)
	at sun.reflect.NativeConstructorAccessorImpl.newInstance(Unknown Source)
	at sun.reflect.DelegatingConstructorAccessorImpl.newInstance(Unknown Source)
	at java.lang.reflect.Constructor.newInstance(Unknown Source)
	at org.codehaus.groovy.reflection.CachedConstructor.invoke(CachedConstructor.java:83)
	at org.codehaus.groovy.reflection.CachedConstructor.doConstructorInvoke(CachedConstructor.java:77)
	at org.codehaus.groovy.runtime.callsite.ConstructorSite$ConstructorSiteNoUnwrap.callConstructor(ConstructorSite.java:84)
	at org.codehaus.groovy.runtime.callsite.CallSiteArray.defaultCallConstructor(CallSiteArray.java:60)
	at org.codehaus.groovy.runtime.callsite.AbstractCallSite.callConstructor(AbstractCallSite.java:235)
	at org.codehaus.groovy.runtime.callsite.AbstractCallSite.callConstructor(AbstractCallSite.java:247)
	at io.restassured.internal.ResponseSpecificationImpl$HamcrestAssertionClosure.validate(ResponseSpecificationImpl.groovy:471)
	at io.restassured.internal.ResponseSpecificationImpl$HamcrestAssertionClosure$validate$1.call(Unknown Source)
	at io.restassured.internal.ResponseSpecificationImpl.validateResponseIfRequired(ResponseSpecificationImpl.groovy:643)
	at sun.reflect.GeneratedMethodAccessor148.invoke(Unknown Source)
	at sun.reflect.DelegatingMethodAccessorImpl.invoke(Unknown Source)
	at java.lang.reflect.Method.invoke(Unknown Source)
	at org.codehaus.groovy.runtime.callsite.PogoMetaMethodSite$PogoCachedMethodSiteNoUnwrapNoCoerce.invoke(PogoMetaMethodSite.java:210)
	at org.codehaus.groovy.runtime.callsite.PogoMetaMethodSite.callCurrent(PogoMetaMethodSite.java:59)
	at org.codehaus.groovy.runtime.callsite.AbstractCallSite.callCurrent(AbstractCallSite.java:166)
	at io.restassured.internal.ResponseSpecificationImpl.content(ResponseSpecificationImpl.groovy:265)
	at io.restassured.specification.ResponseSpecification$content$0.callCurrent(Unknown Source)
	at io.restassured.internal.ResponseSpecificationImpl.body(ResponseSpecificationImpl.groovy:248)
	at io.restassured.internal.ValidatableResponseOptionsImpl.body(ValidatableResponseOptionsImpl.java:268)
	at apitestcases.ZzkgApiCases.addAddress(ZzkgApiCases.java:36)
	at sun.reflect.GeneratedMethodAccessor143.invoke(Unknown Source)
	at sun.reflect.DelegatingMethodAccessorImpl.invoke(Unknown Source)
	at java.lang.reflect.Method.invoke(Unknown Source)
	at org.testng.internal.MethodInvocationHelper.invokeMethod(MethodInvocationHelper.java:108)
	at org.testng.internal.Invoker.invokeMethod(Invoker.java:661)
	at org.testng.internal.Invoker.invokeTestMethod(Invoker.java:869)
	at org.testng.internal.Invoker.invokeTestMethods(Invoker.java:1193)
	at org.testng.internal.TestMethodWorker.invokeTestMethods(TestMethodWorker.java:126)
	at org.testng.internal.TestMethodWorker.run(TestMethodWorker.java:109)
	at org.testng.TestRunner.privateRun(TestRunner.java:744)
	at org.testng.TestRunner.run(TestRunner.java:602)
	at org.testng.SuiteRunner.runTest(SuiteRunner.java:380)
	at org.testng.SuiteRunner.runSequentially(SuiteRunner.java:375)
	at org.testng.SuiteRunner.privateRun(SuiteRunner.java:340)
	at org.testng.SuiteRunner.run(SuiteRunner.java:289)
	at org.testng.SuiteRunnerWorker.runSuite(SuiteRunnerWorker.java:52)
	at org.testng.SuiteRunnerWorker.run(SuiteRunnerWorker.java:86)
	at org.testng.TestNG.runSuitesSequentially(TestNG.java:1301)
	at org.testng.TestNG.runSuitesLocally(TestNG.java:1226)
	at org.testng.TestNG.runSuites(TestNG.java:1144)
	at org.testng.TestNG.run(TestNG.java:1115)
	at org.testng.remote.AbstractRemoteTestNG.run(AbstractRemoteTestNG.java:132)
	at org.testng.remote.RemoteTestNG.initAndRun(RemoteTestNG.java:230)
	at org.testng.remote.RemoteTestNG.main(RemoteTestNG.java:76)
]]>
    </failure>
  </testcase> <!-- addAddress -->
  <testcase name="addAddress" time="0.137" classname="apitestcases.ZzkgApiCases"/>
  <testcase name="addAddress" time="0.108" classname="apitestcases.ZzkgApiCases"/>
  <testcase name="addAddress" time="0.085" classname="apitestcases.ZzkgApiCases"/>
  <testcase name="addAddress" time="0.092" classname="apitestcases.ZzkgApiCases"/>
  <testcase name="addAddress" time="0.095" classname="apitestcases.ZzkgApiCases"/>
  <testcase name="addAddress" time="0.083" classname="apitestcases.ZzkgApiCases"/>
  <testcase name="addAddress" time="0.082" classname="apitestcases.ZzkgApiCases"/>
  <testcase name="addAddress" time="0.082" classname="apitestcases.ZzkgApiCases"/>
  <testcase name="addAddress" time="0.098" classname="apitestcases.ZzkgApiCases"/>
  <testcase name="addAddress" time="0.082" classname="apitestcases.ZzkgApiCases"/>
  <testcase name="addAddress" time="0.118" classname="apitestcases.ZzkgApiCases"/>
  <testcase name="addAddress" time="0.112" classname="apitestcases.ZzkgApiCases"/>
  <testcase name="addAddress" time="0.113" classname="apitestcases.ZzkgApiCases"/>
  <testcase name="addAddress" time="0.112" classname="apitestcases.ZzkgApiCases"/>
  <testcase name="addAddress" time="0.113" classname="apitestcases.ZzkgApiCases"/>
  <testcase name="addAddress" time="0.11" classname="apitestcases.ZzkgApiCases"/>
  <testcase name="addAddress" time="0.125" classname="apitestcases.ZzkgApiCases"/>
  <testcase name="addAddress" time="0.109" classname="apitestcases.ZzkgApiCases"/>
  <testcase name="addAddress" time="0.311" classname="apitestcases.ZzkgApiCases"/>
  <testcase name="addAddress" time="0.081" classname="apitestcases.ZzkgApiCases"/>
  <testcase name="addAddress" time="0.108" classname="apitestcases.ZzkgApiCases"/>
  <testcase name="addAddress" time="0.112" classname="apitestcases.ZzkgApiCases"/>
  <testcase name="addAddress" time="0.113" classname="apitestcases.ZzkgApiCases"/>
  <testcase name="addAddress" time="0.117" classname="apitestcases.ZzkgApiCases"/>
  <testcase name="addAddress" time="0.134" classname="apitestcases.ZzkgApiCases"/>
  <testcase name="addAddress" time="0.113" classname="apitestcases.ZzkgApiCases"/>
  <testcase name="addAddress" time="0.111" classname="apitestcases.ZzkgApiCases"/>
  <testcase name="addAddress" time="0.11" classname="apitestcases.ZzkgApiCases"/>
  <testcase name="addGoodsToCart" time="0.0" classname="apitestcases.ZzkgApiCases">
    <ignored/>
  </testcase> <!-- addGoodsToCart -->
</testsuite> <!-- Default test -->
